<?xml version="1.0" encoding="UTF-8"?>
<coverage generated="1780900310855" clover="3.2.0">
  <project timestamp="1780900310855" name="All files">
    <metrics statements="9033" coveredstatements="5526" conditionals="8017" coveredconditionals="4175" methods="3574" coveredmethods="1973" elements="20624" coveredelements="11674" complexity="0" loc="9033" ncloc="9033" packages="91" files="413" classes="413"/>
    <package name="components.shared">
      <metrics statements="159" coveredstatements="140" conditionals="155" coveredconditionals="143" methods="81" coveredmethods="69"/>
      <file name="CollapsibleCard.tsx" path="/Users/huangsong21/Downloads/Coding/AI/FachuanHybridSystem/frontend/src/components/shared/CollapsibleCard.tsx">
        <metrics statements="3" coveredstatements="3" conditionals="5" coveredconditionals="5" methods="2" coveredmethods="2"/>
        <line num="21" count="8" type="stmt"/>
        <line num="23" count="8" type="stmt"/>
        <line num="27" count="2" type="stmt"/>
      </file>
      <file name="CommandPalette.tsx" path="/Users/huangsong21/Downloads/Coding/AI/FachuanHybridSystem/frontend/src/components/shared/CommandPalette.tsx">
        <metrics statements="64" coveredstatements="46" conditionals="40" coveredconditionals="38" methods="26" coveredmethods="16"/>
        <line num="36" count="5" type="stmt"/>
        <line num="68" count="5" type="stmt"/>
        <line num="70" count="5" type="stmt"/>
        <line num="71" count="0" type="stmt"/>
        <line num="72" count="0" type="stmt"/>
        <line num="73" count="0" type="stmt"/>
        <line num="74" count="0" type="stmt"/>
        <line num="75" count="0" type="stmt"/>
        <line num="76" count="0" type="stmt"/>
        <line num="80" count="76" type="stmt"/>
        <line num="81" count="76" type="stmt"/>
        <line num="82" count="76" type="stmt"/>
        <line num="83" count="76" type="stmt"/>
        <line num="84" count="76" type="stmt"/>
        <line num="85" count="76" type="stmt"/>
        <line num="87" count="76" type="stmt"/>
        <line num="88" count="14" type="stmt"/>
        <line num="89" count="57" type="cond" truecount="5" falsecount="0"/>
        <line num="90" count="14" type="stmt"/>
        <line num="91" count="14" type="stmt"/>
        <line num="94" count="14" type="stmt"/>
        <line num="95" count="14" type="stmt"/>
        <line num="96" count="14" type="stmt"/>
        <line num="97" count="14" type="cond" truecount="2" falsecount="0"/>
        <line num="101" count="76" type="stmt"/>
        <line num="102" count="28" type="cond" truecount="2" falsecount="0"/>
        <line num="103" count="15" type="stmt"/>
        <line num="104" count="15" type="stmt"/>
        <line num="108" count="76" type="stmt"/>
        <line num="109" count="5" type="cond" truecount="3" falsecount="1"/>
        <line num="110" count="0" type="stmt"/>
        <line num="111" count="0" type="stmt"/>
        <line num="112" count="0" type="stmt"/>
        <line num="114" count="5" type="stmt"/>
        <line num="115" count="5" type="stmt"/>
        <line num="116" count="5" type="stmt"/>
        <line num="117" count="5" type="stmt"/>
        <line num="119" count="0" type="stmt"/>
        <line num="121" count="5" type="stmt"/>
        <line num="125" count="76" type="stmt"/>
        <line num="126" count="29" type="stmt"/>
        <line num="127" count="29" type="cond" truecount="2" falsecount="0"/>
        <line num="128" count="29" type="cond" truecount="1" falsecount="1"/>
        <line num="129" count="0" type="stmt"/>
        <line num="130" count="0" type="stmt"/>
        <line num="131" count="0" type="stmt"/>
        <line num="133" count="29" type="stmt"/>
        <line num="134" count="29" type="stmt"/>
        <line num="137" count="76" type="stmt"/>
        <line num="138" count="0" type="stmt"/>
        <line num="139" count="0" type="stmt"/>
        <line num="142" count="76" type="cond" truecount="2" falsecount="0"/>
        <line num="144" count="76" type="stmt"/>
        <line num="159" count="588" type="stmt"/>
        <line num="163" count="0" type="stmt"/>
        <line num="175" count="30" type="stmt"/>
        <line num="176" count="30" type="cond" truecount="2" falsecount="0"/>
        <line num="177" count="6" type="stmt"/>
        <line num="179" count="6" type="stmt"/>
        <line num="183" count="0" type="stmt"/>
        <line num="204" count="476" type="stmt"/>
        <line num="205" count="476" type="cond" truecount="2" falsecount="0"/>
        <line num="207" count="13" type="stmt"/>
        <line num="211" count="0" type="stmt"/>
      </file>
      <file name="DataTable.tsx" path="/Users/huangsong21/Downloads/Coding/AI/FachuanHybridSystem/frontend/src/components/shared/DataTable.tsx">
        <metrics statements="22" coveredstatements="22" conditionals="31" coveredconditionals="28" methods="9" coveredmethods="9"/>
        <line num="41" count="15" type="stmt"/>
        <line num="43" count="15" type="stmt"/>
        <line num="44" count="2" type="cond" truecount="1" falsecount="1"/>
        <line num="45" count="2" type="cond" truecount="2" falsecount="0"/>
        <line num="46" count="1" type="stmt"/>
        <line num="48" count="1" type="stmt"/>
        <line num="52" count="15" type="stmt"/>
        <line num="53" count="2" type="cond" truecount="3" falsecount="1"/>
        <line num="54" count="2" type="stmt"/>
        <line num="55" count="2" type="cond" truecount="2" falsecount="0"/>
        <line num="56" count="1" type="stmt"/>
        <line num="57" count="2" type="stmt"/>
        <line num="60" count="15" type="cond" truecount="2" falsecount="0"/>
        <line num="62" count="15" type="stmt"/>
        <line num="76" count="41" type="stmt"/>
        <line num="98" count="21" type="stmt"/>
        <line num="99" count="21" type="stmt"/>
        <line num="106" count="1" type="stmt"/>
        <line num="113" count="2" type="stmt"/>
        <line num="115" count="2" type="stmt"/>
        <line num="119" count="55" type="stmt"/>
        <line num="137" count="5" type="stmt"/>
      </file>
      <file name="DetailCard.tsx" path="/Users/huangsong21/Downloads/Coding/AI/FachuanHybridSystem/frontend/src/components/shared/DetailCard.tsx">
        <metrics statements="1" coveredstatements="1" conditionals="2" coveredconditionals="2" methods="1" coveredmethods="1"/>
        <line num="2" count="255" type="stmt"/>
      </file>
      <file name="DetailCardGrid.tsx" path="/Users/huangsong21/Downloads/Coding/AI/FachuanHybridSystem/frontend/src/components/shared/DetailCardGrid.tsx">
        <metrics statements="1" coveredstatements="1" conditionals="1" coveredconditionals="1" methods="1" coveredmethods="1"/>
        <line num="25" count="6" type="stmt"/>
      </file>
      <file name="DetailField.tsx" path="/Users/huangsong21/Downloads/Coding/AI/FachuanHybridSystem/frontend/src/components/shared/DetailField.tsx">
        <metrics statements="1" coveredstatements="1" conditionals="4" coveredconditionals="4" methods="1" coveredmethods="1"/>
        <line num="2" count="494" type="stmt"/>
      </file>
      <file name="DropZone.tsx" path="/Users/huangsong21/Downloads/Coding/AI/FachuanHybridSystem/frontend/src/components/shared/DropZone.tsx">
        <metrics statements="5" coveredstatements="5" conditionals="22" coveredconditionals="20" methods="3" coveredmethods="3"/>
        <line num="38" count="11" type="stmt"/>
        <line num="58" count="1" type="cond" truecount="2" falsecount="2"/>
        <line num="59" count="1" type="stmt"/>
        <line num="60" count="1" type="stmt"/>
        <line num="89" count="26" type="stmt"/>
      </file>
      <file name="EmptyState.tsx" path="/Users/huangsong21/Downloads/Coding/AI/FachuanHybridSystem/frontend/src/components/shared/EmptyState.tsx">
        <metrics statements="3" coveredstatements="3" conditionals="7" coveredconditionals="7" methods="1" coveredmethods="1"/>
        <line num="4" count="5" type="stmt"/>
        <line num="28" count="7" type="stmt"/>
        <line num="30" count="7" type="stmt"/>
      </file>
      <file name="ErrorBoundary.tsx" path="/Users/huangsong21/Downloads/Coding/AI/FachuanHybridSystem/frontend/src/components/shared/ErrorBoundary.tsx">
        <metrics statements="11" coveredstatements="10" conditionals="6" coveredconditionals="6" methods="6" coveredmethods="5"/>
        <line num="24" count="12" type="stmt"/>
        <line num="25" count="12" type="stmt"/>
        <line num="29" count="12" type="stmt"/>
        <line num="33" count="6" type="stmt"/>
        <line num="37" count="1" type="stmt"/>
        <line num="41" count="0" type="stmt"/>
        <line num="45" count="25" type="cond" truecount="2" falsecount="0"/>
        <line num="46" count="12" type="cond" truecount="2" falsecount="0"/>
        <line num="47" count="2" type="stmt"/>
        <line num="50" count="10" type="stmt"/>
        <line num="74" count="13" type="stmt"/>
      </file>
      <file name="InfoGrid.tsx" path="/Users/huangsong21/Downloads/Coding/AI/FachuanHybridSystem/frontend/src/components/shared/InfoGrid.tsx">
        <metrics statements="3" coveredstatements="3" conditionals="3" coveredconditionals="3" methods="2" coveredmethods="2"/>
        <line num="15" count="12" type="stmt"/>
        <line num="21" count="12" type="stmt"/>
        <line num="23" count="10" type="stmt"/>
      </file>
      <file name="InlineCrudTable.tsx" path="/Users/huangsong21/Downloads/Coding/AI/FachuanHybridSystem/frontend/src/components/shared/InlineCrudTable.tsx">
        <metrics statements="24" coveredstatements="24" conditionals="15" coveredconditionals="13" methods="14" coveredmethods="13"/>
        <line num="34" count="10" type="stmt"/>
        <line num="36" count="10" type="stmt"/>
        <line num="38" count="3" type="cond" truecount="2" falsecount="0"/>
        <line num="39" count="2" type="stmt"/>
        <line num="40" count="3" type="stmt"/>
        <line num="41" count="2" type="cond" truecount="2" falsecount="0"/>
        <line num="42" count="1" type="stmt"/>
        <line num="43" count="1" type="stmt"/>
        <line num="44" count="1" type="stmt"/>
        <line num="47" count="2" type="stmt"/>
        <line num="48" count="4" type="stmt"/>
        <line num="49" count="2" type="stmt"/>
        <line num="52" count="10" type="stmt"/>
        <line num="53" count="2" type="stmt"/>
        <line num="56" count="10" type="stmt"/>
        <line num="57" count="5" type="stmt"/>
        <line num="58" count="5" type="cond" truecount="1" falsecount="1"/>
        <line num="60" count="5" type="stmt"/>
        <line num="63" count="10" type="stmt"/>
        <line num="69" count="20" type="stmt"/>
        <line num="86" count="7" type="stmt"/>
        <line num="91" count="14" type="stmt"/>
        <line num="96" count="5" type="stmt"/>
        <line num="109" count="1" type="stmt"/>
      </file>
      <file name="PageFooter.tsx" path="/Users/huangsong21/Downloads/Coding/AI/FachuanHybridSystem/frontend/src/components/shared/PageFooter.tsx">
        <metrics statements="5" coveredstatements="5" conditionals="10" coveredconditionals="10" methods="4" coveredmethods="4"/>
        <line num="23" count="12" type="stmt"/>
        <line num="25" count="12" type="stmt"/>
        <line num="29" count="6" type="stmt"/>
        <line num="44" count="1" type="stmt"/>
        <line num="49" count="1" type="stmt"/>
      </file>
      <file name="PageSkeleton.tsx" path="/Users/huangsong21/Downloads/Coding/AI/FachuanHybridSystem/frontend/src/components/shared/PageSkeleton.tsx">
        <metrics statements="1" coveredstatements="1" conditionals="0" coveredconditionals="0" methods="1" coveredmethods="1"/>
        <line num="10" count="4" type="stmt"/>
      </file>
      <file name="RadioPillGroup.tsx" path="/Users/huangsong21/Downloads/Coding/AI/FachuanHybridSystem/frontend/src/components/shared/RadioPillGroup.tsx">
        <metrics statements="3" coveredstatements="3" conditionals="2" coveredconditionals="2" methods="3" coveredmethods="3"/>
        <line num="16" count="5" type="stmt"/>
        <line num="18" count="12" type="stmt"/>
        <line num="33" count="1" type="stmt"/>
      </file>
      <file name="StatusBadge.tsx" path="/Users/huangsong21/Downloads/Coding/AI/FachuanHybridSystem/frontend/src/components/shared/StatusBadge.tsx">
        <metrics statements="2" coveredstatements="2" conditionals="0" coveredconditionals="0" methods="1" coveredmethods="1"/>
        <line num="6" count="5" type="stmt"/>
        <line num="25" count="100" type="stmt"/>
      </file>
      <file name="Timeline.tsx" path="/Users/huangsong21/Downloads/Coding/AI/FachuanHybridSystem/frontend/src/components/shared/Timeline.tsx">
        <metrics statements="3" coveredstatements="3" conditionals="2" coveredconditionals="2" methods="3" coveredmethods="3"/>
        <line num="23" count="7" type="stmt"/>
        <line num="25" count="9" type="stmt"/>
        <line num="31" count="13" type="stmt"/>
      </file>
      <file name="TopbarIcons.tsx" path="/Users/huangsong21/Downloads/Coding/AI/FachuanHybridSystem/frontend/src/components/shared/TopbarIcons.tsx">
        <metrics statements="7" coveredstatements="7" conditionals="5" coveredconditionals="2" methods="3" coveredmethods="3"/>
        <line num="14" count="6" type="stmt"/>
        <line num="23" count="6" type="stmt"/>
        <line num="24" count="6" type="stmt"/>
        <line num="26" count="6" type="stmt"/>
        <line num="29" count="30" type="stmt"/>
        <line num="30" count="30" type="stmt"/>
        <line num="34" count="1" type="stmt"/>
      </file>
      <file name="index.ts" path="/Users/huangsong21/Downloads/Coding/AI/FachuanHybridSystem/frontend/src/components/shared/index.ts">
        <metrics statements="0" coveredstatements="0" conditionals="0" coveredconditionals="0" methods="0" coveredmethods="0"/>
      </file>
    </package>
    <package name="contexts">
      <metrics statements="29" coveredstatements="28" conditionals="8" coveredconditionals="8" methods="12" coveredmethods="11"/>
      <file name="BreadcrumbContext.tsx" path="/Users/huangsong21/Downloads/Coding/AI/FachuanHybridSystem/frontend/src/contexts/BreadcrumbContext.tsx">
        <metrics statements="29" coveredstatements="28" conditionals="8" coveredconditionals="8" methods="12" coveredmethods="11"/>
        <line num="39" count="2" type="stmt"/>
        <line num="55" count="19" type="stmt"/>
        <line num="56" count="19" type="stmt"/>
        <line num="66" count="19" type="stmt"/>
        <line num="67" count="12" type="cond" truecount="2" falsecount="0"/>
        <line num="68" count="1" type="stmt"/>
        <line num="69" count="1" type="stmt"/>
        <line num="71" count="12" type="cond" truecount="2" falsecount="0"/>
        <line num="72" count="5" type="stmt"/>
        <line num="74" count="7" type="stmt"/>
        <line num="78" count="19" type="stmt"/>
        <line num="79" count="19" type="stmt"/>
        <line num="84" count="19" type="stmt"/>
        <line num="85" count="11" type="stmt"/>
        <line num="86" count="11" type="cond" truecount="2" falsecount="0"/>
        <line num="87" count="2" type="stmt"/>
        <line num="92" count="19" type="stmt"/>
        <line num="110" count="20" type="stmt"/>
        <line num="111" count="20" type="cond" truecount="2" falsecount="0"/>
        <line num="112" count="2" type="stmt"/>
        <line num="114" count="18" type="stmt"/>
        <line num="142" count="4" type="stmt"/>
        <line num="144" count="4" type="stmt"/>
        <line num="145" count="2" type="stmt"/>
        <line num="148" count="2" type="stmt"/>
        <line num="149" count="2" type="stmt"/>
        <line num="162" count="1" type="stmt"/>
        <line num="163" count="1" type="stmt"/>
        <line num="164" count="0" type="stmt"/>
      </file>
    </package>
    <package name="features.auth">
      <metrics statements="28" coveredstatements="28" conditionals="2" coveredconditionals="2" methods="13" coveredmethods="13"/>
      <file name="api.ts" path="/Users/huangsong21/Downloads/Coding/AI/FachuanHybridSystem/frontend/src/features/auth/api.ts">
        <metrics statements="23" coveredstatements="23" conditionals="2" coveredconditionals="2" methods="12" coveredmethods="12"/>
        <line num="31" count="2" type="stmt"/>
        <line num="36" count="1" type="stmt"/>
        <line num="42" count="1" type="stmt"/>
        <line num="45" count="1" type="stmt"/>
        <line num="47" count="1" type="stmt"/>
        <line num="59" count="1" type="stmt"/>
        <line num="60" count="1" type="stmt"/>
        <line num="67" count="1" type="stmt"/>
        <line num="78" count="1" type="stmt"/>
        <line num="84" count="1" type="stmt"/>
        <line num="91" count="1" type="stmt"/>
        <line num="98" count="1" type="stmt"/>
        <line num="105" count="1" type="stmt"/>
        <line num="112" count="1" type="stmt"/>
        <line num="119" count="2" type="stmt"/>
        <line num="120" count="2" type="cond" truecount="2" falsecount="0"/>
        <line num="121" count="1" type="stmt"/>
        <line num="124" count="1" type="stmt"/>
        <line num="130" count="1" type="stmt"/>
        <line num="135" count="1" type="stmt"/>
        <line num="142" count="1" type="stmt"/>
        <line num="153" count="1" type="stmt"/>
        <line num="164" count="1" type="stmt"/>
      </file>
      <file name="index.ts" path="/Users/huangsong21/Downloads/Coding/AI/FachuanHybridSystem/frontend/src/features/auth/index.ts">
        <metrics statements="0" coveredstatements="0" conditionals="0" coveredconditionals="0" methods="0" coveredmethods="0"/>
      </file>
      <file name="schemas.ts" path="/Users/huangsong21/Downloads/Coding/AI/FachuanHybridSystem/frontend/src/features/auth/schemas.ts">
        <metrics statements="3" coveredstatements="3" conditionals="0" coveredconditionals="0" methods="1" coveredmethods="1"/>
        <line num="3" count="3" type="stmt"/>
        <line num="8" count="3" type="stmt"/>
        <line num="22" count="15" type="stmt"/>
      </file>
      <file name="types.ts" path="/Users/huangsong21/Downloads/Coding/AI/FachuanHybridSystem/frontend/src/features/auth/types.ts">
        <metrics statements="2" coveredstatements="2" conditionals="0" coveredconditionals="0" methods="0" coveredmethods="0"/>
        <line num="125" count="1" type="stmt"/>
        <line num="137" count="1" type="stmt"/>
      </file>
    </package>
    <package name="features.auth.components">
      <metrics statements="29" coveredstatements="27" conditionals="14" coveredconditionals="8" methods="18" coveredmethods="17"/>
      <file name="LoginForm.tsx" path="/Users/huangsong21/Downloads/Coding/AI/FachuanHybridSystem/frontend/src/features/auth/components/LoginForm.tsx">
        <metrics statements="10" coveredstatements="10" conditionals="4" coveredconditionals="2" methods="6" coveredmethods="6"/>
        <line num="59" count="12" type="stmt"/>
        <line num="68" count="12" type="stmt"/>
        <line num="71" count="12" type="stmt"/>
        <line num="72" count="2" type="stmt"/>
        <line num="74" count="1" type="stmt"/>
        <line num="78" count="1" type="cond" truecount="1" falsecount="1"/>
        <line num="81" count="1" type="stmt"/>
        <line num="86" count="12" type="stmt"/>
        <line num="93" count="30" type="stmt"/>
        <line num="114" count="30" type="stmt"/>
      </file>
      <file name="PendingApproval.tsx" path="/Users/huangsong21/Downloads/Coding/AI/FachuanHybridSystem/frontend/src/features/auth/components/PendingApproval.tsx">
        <metrics statements="2" coveredstatements="2" conditionals="0" coveredconditionals="0" methods="1" coveredmethods="1"/>
        <line num="1" count="1" type="stmt"/>
        <line num="21" count="4" type="stmt"/>
      </file>
      <file name="RegisterForm.tsx" path="/Users/huangsong21/Downloads/Coding/AI/FachuanHybridSystem/frontend/src/features/auth/components/RegisterForm.tsx">
        <metrics statements="13" coveredstatements="11" conditionals="8" coveredconditionals="4" methods="9" coveredmethods="8"/>
        <line num="66" count="10" type="stmt"/>
        <line num="78" count="10" type="stmt"/>
        <line num="81" count="10" type="stmt"/>
        <line num="82" count="1" type="stmt"/>
        <line num="91" count="1" type="stmt"/>
        <line num="96" count="0" type="cond" truecount="0" falsecount="2"/>
        <line num="97" count="0" type="stmt"/>
        <line num="103" count="10" type="stmt"/>
        <line num="110" count="30" type="stmt"/>
        <line num="131" count="34" type="stmt"/>
        <line num="153" count="32" type="stmt"/>
        <line num="175" count="13" type="stmt"/>
        <line num="201" count="10" type="stmt"/>
      </file>
      <file name="ThemeToggle.tsx" path="/Users/huangsong21/Downloads/Coding/AI/FachuanHybridSystem/frontend/src/features/auth/components/ThemeToggle.tsx">
        <metrics statements="4" coveredstatements="4" conditionals="2" coveredconditionals="2" methods="2" coveredmethods="2"/>
        <line num="1" count="2" type="stmt"/>
        <line num="21" count="4" type="stmt"/>
        <line num="23" count="4" type="stmt"/>
        <line num="27" count="2" type="cond" truecount="2" falsecount="0"/>
      </file>
    </package>
    <package name="features.auth.hooks">
      <metrics statements="32" coveredstatements="32" conditionals="8" coveredconditionals="8" methods="15" coveredmethods="15"/>
      <file name="use-auth-mutations.ts" path="/Users/huangsong21/Downloads/Coding/AI/FachuanHybridSystem/frontend/src/features/auth/hooks/use-auth-mutations.ts">
        <metrics statements="24" coveredstatements="24" conditionals="8" coveredconditionals="8" methods="11" coveredmethods="11"/>
        <line num="44" count="3" type="stmt"/>
        <line num="45" count="3" type="stmt"/>
        <line num="47" count="3" type="stmt"/>
        <line num="48" count="1" type="stmt"/>
        <line num="51" count="1" type="stmt"/>
        <line num="53" count="1" type="stmt"/>
        <line num="92" count="7" type="stmt"/>
        <line num="93" count="7" type="stmt"/>
        <line num="95" count="7" type="stmt"/>
        <line num="97" count="5" type="stmt"/>
        <line num="100" count="5" type="cond" truecount="2" falsecount="0"/>
        <line num="101" count="2" type="cond" truecount="2" falsecount="0"/>
        <line num="105" count="3" type="cond" truecount="4" falsecount="0"/>
        <line num="106" count="2" type="stmt"/>
        <line num="107" count="2" type="stmt"/>
        <line num="108" count="1" type="stmt"/>
        <line num="109" count="1" type="stmt"/>
        <line num="115" count="3" type="stmt"/>
        <line num="145" count="3" type="stmt"/>
        <line num="146" count="3" type="stmt"/>
        <line num="148" count="3" type="stmt"/>
        <line num="149" count="1" type="stmt"/>
        <line num="152" count="1" type="stmt"/>
        <line num="154" count="1" type="stmt"/>
      </file>
      <file name="use-auth.ts" path="/Users/huangsong21/Downloads/Coding/AI/FachuanHybridSystem/frontend/src/features/auth/hooks/use-auth.ts">
        <metrics statements="8" coveredstatements="8" conditionals="0" coveredconditionals="0" methods="4" coveredmethods="4"/>
        <line num="47" count="3" type="stmt"/>
        <line num="48" count="3" type="stmt"/>
        <line num="49" count="3" type="stmt"/>
        <line num="50" count="3" type="stmt"/>
        <line num="53" count="3" type="stmt"/>
        <line num="54" count="3" type="stmt"/>
        <line num="55" count="3" type="stmt"/>
        <line num="57" count="3" type="stmt"/>
      </file>
    </package>
    <package name="features.automation">
      <metrics statements="4" coveredstatements="4" conditionals="0" coveredconditionals="0" methods="0" coveredmethods="0"/>
      <file name="constants.ts" path="/Users/huangsong21/Downloads/Coding/AI/FachuanHybridSystem/frontend/src/features/automation/constants.ts">
        <metrics statements="4" coveredstatements="4" conditionals="0" coveredconditionals="0" methods="0" coveredmethods="0"/>
        <line num="9" count="6" type="stmt"/>
        <line num="21" count="6" type="stmt"/>
        <line num="31" count="6" type="stmt"/>
        <line num="32" count="6" type="stmt"/>
      </file>
      <file name="index.ts" path="/Users/huangsong21/Downloads/Coding/AI/FachuanHybridSystem/frontend/src/features/automation/index.ts">
        <metrics statements="0" coveredstatements="0" conditionals="0" coveredconditionals="0" methods="0" coveredmethods="0"/>
      </file>
    </package>
    <package name="features.automation.document-recognition">
      <metrics statements="30" coveredstatements="29" conditionals="10" coveredconditionals="7" methods="9" coveredmethods="9"/>
      <file name="api.ts" path="/Users/huangsong21/Downloads/Coding/AI/FachuanHybridSystem/frontend/src/features/automation/document-recognition/api.ts">
        <metrics statements="19" coveredstatements="18" conditionals="6" coveredconditionals="3" methods="6" coveredmethods="6"/>
        <line num="25" count="4" type="stmt"/>
        <line num="30" count="4" type="stmt"/>
        <line num="43" count="1" type="stmt"/>
        <line num="45" count="1" type="cond" truecount="1" falsecount="1"/>
        <line num="46" count="1" type="stmt"/>
        <line num="48" count="1" type="cond" truecount="1" falsecount="1"/>
        <line num="49" count="1" type="stmt"/>
        <line num="51" count="1" type="cond" truecount="1" falsecount="1"/>
        <line num="52" count="0" type="stmt"/>
        <line num="55" count="1" type="stmt"/>
        <line num="70" count="1" type="stmt"/>
        <line num="83" count="1" type="stmt"/>
        <line num="84" count="1" type="stmt"/>
        <line num="86" count="1" type="stmt"/>
        <line num="103" count="1" type="stmt"/>
        <line num="104" count="1" type="stmt"/>
        <line num="106" count="1" type="stmt"/>
        <line num="125" count="1" type="stmt"/>
        <line num="144" count="1" type="stmt"/>
      </file>
      <file name="index.ts" path="/Users/huangsong21/Downloads/Coding/AI/FachuanHybridSystem/frontend/src/features/automation/document-recognition/index.ts">
        <metrics statements="0" coveredstatements="0" conditionals="0" coveredconditionals="0" methods="0" coveredmethods="0"/>
      </file>
      <file name="schemas.ts" path="/Users/huangsong21/Downloads/Coding/AI/FachuanHybridSystem/frontend/src/features/automation/document-recognition/schemas.ts">
        <metrics statements="11" coveredstatements="11" conditionals="4" coveredconditionals="4" methods="3" coveredmethods="3"/>
        <line num="24" count="3" type="stmt"/>
        <line num="43" count="3" type="stmt"/>
        <line num="61" count="3" type="stmt"/>
        <line num="68" count="9" type="stmt"/>
        <line num="75" count="5" type="stmt"/>
        <line num="85" count="4" type="cond" truecount="2" falsecount="0"/>
        <line num="86" count="2" type="stmt"/>
        <line num="91" count="2" type="cond" truecount="2" falsecount="0"/>
        <line num="92" count="1" type="stmt"/>
        <line num="97" count="1" type="stmt"/>
        <line num="104" count="3" type="stmt"/>
      </file>
      <file name="types.ts" path="/Users/huangsong21/Downloads/Coding/AI/FachuanHybridSystem/frontend/src/features/automation/document-recognition/types.ts">
        <metrics statements="0" coveredstatements="0" conditionals="0" coveredconditionals="0" methods="0" coveredmethods="0"/>
      </file>
    </package>
    <package name="features.automation.document-recognition.components">
      <metrics statements="270" coveredstatements="123" conditionals="235" coveredconditionals="86" methods="89" coveredmethods="32"/>
      <file name="CaseSearchSelect.tsx" path="/Users/huangsong21/Downloads/Coding/AI/FachuanHybridSystem/frontend/src/features/automation/document-recognition/components/CaseSearchSelect.tsx">
        <metrics statements="41" coveredstatements="19" conditionals="52" coveredconditionals="15" methods="16" coveredmethods="3"/>
        <line num="45" count="1" type="stmt"/>
        <line num="61" count="0" type="stmt"/>
        <line num="69" count="0" type="stmt"/>
        <line num="94" count="0" type="stmt"/>
        <line num="111" count="0" type="stmt"/>
        <line num="123" count="0" type="stmt"/>
        <line num="167" count="5" type="stmt"/>
        <line num="168" count="5" type="stmt"/>
        <line num="169" count="5" type="stmt"/>
        <line num="170" count="5" type="stmt"/>
        <line num="173" count="5" type="stmt"/>
        <line num="178" count="5" type="stmt"/>
        <line num="180" count="0" type="cond" truecount="0" falsecount="2"/>
        <line num="184" count="0" type="stmt"/>
        <line num="188" count="5" type="stmt"/>
        <line num="189" count="5" type="stmt"/>
        <line num="190" count="5" type="stmt"/>
        <line num="196" count="5" type="stmt"/>
        <line num="198" count="0" type="stmt"/>
        <line num="199" count="0" type="stmt"/>
        <line num="201" count="0" type="cond" truecount="0" falsecount="2"/>
        <line num="202" count="0" type="stmt"/>
        <line num="208" count="5" type="stmt"/>
        <line num="210" count="0" type="cond" truecount="0" falsecount="4"/>
        <line num="211" count="0" type="stmt"/>
        <line num="215" count="5" type="stmt"/>
        <line num="217" count="0" type="stmt"/>
        <line num="218" count="0" type="stmt"/>
        <line num="219" count="0" type="stmt"/>
        <line num="224" count="5" type="stmt"/>
        <line num="225" count="0" type="stmt"/>
        <line num="226" count="0" type="stmt"/>
        <line num="227" count="0" type="stmt"/>
        <line num="233" count="5" type="cond" truecount="1" falsecount="1"/>
        <line num="234" count="5" type="stmt"/>
        <line num="235" count="5" type="stmt"/>
        <line num="236" count="5" type="cond" truecount="1" falsecount="1"/>
        <line num="240" count="5" type="stmt"/>
        <line num="266" count="0" type="stmt"/>
        <line num="267" count="0" type="stmt"/>
        <line num="330" count="0" type="stmt"/>
      </file>
      <file name="FileUploader.tsx" path="/Users/huangsong21/Downloads/Coding/AI/FachuanHybridSystem/frontend/src/features/automation/document-recognition/components/FileUploader.tsx">
        <metrics statements="94" coveredstatements="20" conditionals="53" coveredconditionals="5" methods="17" coveredmethods="1"/>
        <line num="56" count="1" type="stmt"/>
        <line num="66" count="0" type="stmt"/>
        <line num="71" count="0" type="cond" truecount="0" falsecount="2"/>
        <line num="99" count="0" type="stmt"/>
        <line num="125" count="0" type="stmt"/>
        <line num="126" count="0" type="stmt"/>
        <line num="140" count="0" type="stmt"/>
        <line num="141" count="0" type="stmt"/>
        <line num="193" count="4" type="stmt"/>
        <line num="194" count="4" type="stmt"/>
        <line num="195" count="4" type="stmt"/>
        <line num="196" count="4" type="stmt"/>
        <line num="197" count="4" type="stmt"/>
        <line num="199" count="4" type="stmt"/>
        <line num="200" count="4" type="stmt"/>
        <line num="203" count="4" type="stmt"/>
        <line num="211" count="4" type="stmt"/>
        <line num="215" count="0" type="stmt"/>
        <line num="216" count="0" type="cond" truecount="0" falsecount="2"/>
        <line num="217" count="0" type="stmt"/>
        <line num="225" count="0" type="stmt"/>
        <line num="226" count="0" type="cond" truecount="0" falsecount="2"/>
        <line num="227" count="0" type="stmt"/>
        <line num="233" count="0" type="stmt"/>
        <line num="241" count="4" type="stmt"/>
        <line num="243" count="0" type="stmt"/>
        <line num="244" count="0" type="stmt"/>
        <line num="245" count="0" type="stmt"/>
        <line num="246" count="0" type="stmt"/>
        <line num="249" count="0" type="stmt"/>
        <line num="250" count="0" type="cond" truecount="0" falsecount="2"/>
        <line num="251" count="0" type="stmt"/>
        <line num="252" count="0" type="stmt"/>
        <line num="253" count="0" type="stmt"/>
        <line num="254" count="0" type="stmt"/>
        <line num="255" count="0" type="stmt"/>
        <line num="259" count="0" type="stmt"/>
        <line num="262" count="0" type="stmt"/>
        <line num="263" count="0" type="stmt"/>
        <line num="264" count="0" type="cond" truecount="0" falsecount="2"/>
        <line num="265" count="0" type="stmt"/>
        <line num="266" count="0" type="stmt"/>
        <line num="268" count="0" type="stmt"/>
        <line num="272" count="0" type="stmt"/>
        <line num="273" count="0" type="stmt"/>
        <line num="274" count="0" type="stmt"/>
        <line num="275" count="0" type="stmt"/>
        <line num="276" count="0" type="stmt"/>
        <line num="277" count="0" type="stmt"/>
        <line num="279" count="0" type="stmt"/>
        <line num="280" count="0" type="stmt"/>
        <line num="282" count="0" type="cond" truecount="0" falsecount="2"/>
        <line num="283" count="0" type="stmt"/>
        <line num="284" count="0" type="cond" truecount="0" falsecount="2"/>
        <line num="294" count="4" type="stmt"/>
        <line num="295" count="0" type="cond" truecount="0" falsecount="2"/>
        <line num="296" count="0" type="stmt"/>
        <line num="305" count="4" type="stmt"/>
        <line num="306" count="0" type="stmt"/>
        <line num="307" count="0" type="stmt"/>
        <line num="308" count="0" type="stmt"/>
        <line num="309" count="0" type="cond" truecount="0" falsecount="4"/>
        <line num="310" count="0" type="stmt"/>
        <line num="317" count="4" type="stmt"/>
        <line num="318" count="0" type="stmt"/>
        <line num="319" count="0" type="stmt"/>
        <line num="320" count="0" type="stmt"/>
        <line num="321" count="0" type="cond" truecount="0" falsecount="2"/>
        <line num="322" count="0" type="stmt"/>
        <line num="329" count="4" type="stmt"/>
        <line num="330" count="0" type="stmt"/>
        <line num="331" count="0" type="stmt"/>
        <line num="338" count="4" type="stmt"/>
        <line num="340" count="0" type="stmt"/>
        <line num="341" count="0" type="stmt"/>
        <line num="342" count="0" type="stmt"/>
        <line num="343" count="0" type="stmt"/>
        <line num="345" count="0" type="stmt"/>
        <line num="346" count="0" type="cond" truecount="0" falsecount="4"/>
        <line num="347" count="0" type="stmt"/>
        <line num="357" count="4" type="stmt"/>
        <line num="358" count="0" type="cond" truecount="0" falsecount="2"/>
        <line num="359" count="0" type="stmt"/>
        <line num="366" count="4" type="stmt"/>
        <line num="368" count="0" type="stmt"/>
        <line num="369" count="0" type="cond" truecount="0" falsecount="4"/>
        <line num="370" count="0" type="stmt"/>
        <line num="373" count="0" type="stmt"/>
        <line num="381" count="4" type="stmt"/>
        <line num="382" count="0" type="stmt"/>
        <line num="383" count="0" type="stmt"/>
        <line num="384" count="0" type="stmt"/>
        <line num="385" count="0" type="stmt"/>
        <line num="390" count="4" type="stmt"/>
      </file>
      <file name="ManualBindingDialog.tsx" path="/Users/huangsong21/Downloads/Coding/AI/FachuanHybridSystem/frontend/src/features/automation/document-recognition/components/ManualBindingDialog.tsx">
        <metrics statements="20" coveredstatements="13" conditionals="22" coveredconditionals="10" methods="10" coveredmethods="5"/>
        <line num="102" count="5" type="stmt"/>
        <line num="113" count="5" type="stmt"/>
        <line num="119" count="5" type="stmt"/>
        <line num="121" count="5" type="cond" truecount="2" falsecount="0"/>
        <line num="122" count="4" type="stmt"/>
        <line num="136" count="5" type="stmt"/>
        <line num="138" count="0" type="stmt"/>
        <line num="147" count="5" type="stmt"/>
        <line num="149" count="0" type="stmt"/>
        <line num="161" count="0" type="stmt"/>
        <line num="163" count="0" type="stmt"/>
        <line num="165" count="0" type="stmt"/>
        <line num="170" count="0" type="stmt"/>
        <line num="181" count="5" type="stmt"/>
        <line num="182" count="0" type="stmt"/>
        <line num="188" count="5" type="stmt"/>
        <line num="192" count="5" type="stmt"/>
        <line num="220" count="4" type="stmt"/>
        <line num="246" count="4" type="stmt"/>
        <line num="266" count="4" type="stmt"/>
      </file>
      <file name="RecognitionDetail.tsx" path="/Users/huangsong21/Downloads/Coding/AI/FachuanHybridSystem/frontend/src/features/automation/document-recognition/components/RecognitionDetail.tsx">
        <metrics statements="43" coveredstatements="31" conditionals="28" coveredconditionals="15" methods="20" coveredmethods="10"/>
        <line num="63" count="5" type="stmt"/>
        <line num="89" count="5" type="stmt"/>
        <line num="100" count="1" type="stmt"/>
        <line num="116" count="4" type="stmt"/>
        <line num="133" count="4" type="stmt"/>
        <line num="152" count="0" type="stmt"/>
        <line num="180" count="5" type="cond" truecount="1" falsecount="1"/>
        <line num="182" count="0" type="stmt"/>
        <line num="194" count="5" type="stmt"/>
        <line num="196" count="5" type="stmt"/>
        <line num="215" count="15" type="stmt"/>
        <line num="231" count="1" type="stmt"/>
        <line num="257" count="0" type="stmt"/>
        <line num="284" count="0" type="stmt"/>
        <line num="329" count="4" type="stmt"/>
        <line num="377" count="6" type="stmt"/>
        <line num="380" count="6" type="stmt"/>
        <line num="381" count="6" type="stmt"/>
        <line num="390" count="6" type="stmt"/>
        <line num="393" count="6" type="stmt"/>
        <line num="400" count="6" type="stmt"/>
        <line num="401" count="0" type="stmt"/>
        <line num="407" count="6" type="stmt"/>
        <line num="408" count="0" type="stmt"/>
        <line num="414" count="6" type="stmt"/>
        <line num="415" count="0" type="stmt"/>
        <line num="422" count="6" type="stmt"/>
        <line num="424" count="0" type="stmt"/>
        <line num="428" count="0" type="stmt"/>
        <line num="439" count="6" type="stmt"/>
        <line num="440" count="0" type="stmt"/>
        <line num="446" count="6" type="stmt"/>
        <line num="453" count="6" type="cond" truecount="2" falsecount="0"/>
        <line num="454" count="1" type="stmt"/>
        <line num="458" count="5" type="cond" truecount="1" falsecount="1"/>
        <line num="459" count="0" type="stmt"/>
        <line num="463" count="5" type="cond" truecount="1" falsecount="1"/>
        <line num="464" count="0" type="stmt"/>
        <line num="474" count="5" type="cond" truecount="2" falsecount="0"/>
        <line num="475" count="6" type="cond" truecount="2" falsecount="0"/>
        <line num="476" count="6" type="stmt"/>
        <line num="477" count="6" type="stmt"/>
        <line num="479" count="6" type="stmt"/>
      </file>
      <file name="RecognitionList.tsx" path="/Users/huangsong21/Downloads/Coding/AI/FachuanHybridSystem/frontend/src/features/automation/document-recognition/components/RecognitionList.tsx">
        <metrics statements="47" coveredstatements="22" conditionals="45" coveredconditionals="16" methods="18" coveredmethods="6"/>
        <line num="46" count="1" type="stmt"/>
        <line num="49" count="1" type="stmt"/>
        <line num="78" count="0" type="cond" truecount="0" falsecount="2"/>
        <line num="79" count="0" type="stmt"/>
        <line num="87" count="0" type="cond" truecount="0" falsecount="2"/>
        <line num="88" count="0" type="stmt"/>
        <line num="96" count="0" type="stmt"/>
        <line num="109" count="1" type="stmt"/>
        <line num="111" count="5" type="stmt"/>
        <line num="143" count="3" type="stmt"/>
        <line num="196" count="4" type="cond" truecount="1" falsecount="1"/>
        <line num="197" count="4" type="stmt"/>
        <line num="199" count="4" type="stmt"/>
        <line num="200" count="4" type="stmt"/>
        <line num="202" count="4" type="stmt"/>
        <line num="223" count="0" type="stmt"/>
        <line num="234" count="0" type="cond" truecount="0" falsecount="2"/>
        <line num="246" count="0" type="stmt"/>
        <line num="259" count="0" type="stmt"/>
        <line num="279" count="0" type="cond" truecount="0" falsecount="2"/>
        <line num="280" count="0" type="stmt"/>
        <line num="283" count="0" type="stmt"/>
        <line num="286" count="0" type="stmt"/>
        <line num="288" count="0" type="cond" truecount="0" falsecount="2"/>
        <line num="289" count="0" type="stmt"/>
        <line num="290" count="0" type="cond" truecount="0" falsecount="2"/>
        <line num="291" count="0" type="stmt"/>
        <line num="293" count="0" type="stmt"/>
        <line num="303" count="0" type="stmt"/>
        <line num="322" count="4" type="stmt"/>
        <line num="325" count="4" type="stmt"/>
        <line num="326" count="4" type="stmt"/>
        <line num="329" count="4" type="stmt"/>
        <line num="341" count="4" type="stmt"/>
        <line num="342" count="0" type="stmt"/>
        <line num="343" count="0" type="stmt"/>
        <line num="349" count="4" type="stmt"/>
        <line num="350" count="0" type="stmt"/>
        <line num="357" count="4" type="stmt"/>
        <line num="359" count="0" type="stmt"/>
        <line num="365" count="4" type="cond" truecount="2" falsecount="0"/>
        <line num="366" count="4" type="cond" truecount="2" falsecount="0"/>
        <line num="367" count="4" type="stmt"/>
        <line num="369" count="4" type="stmt"/>
        <line num="379" count="20" type="stmt"/>
        <line num="428" count="0" type="stmt"/>
        <line num="431" count="0" type="stmt"/>
      </file>
      <file name="RecognitionResult.tsx" path="/Users/huangsong21/Downloads/Coding/AI/FachuanHybridSystem/frontend/src/features/automation/document-recognition/components/RecognitionResult.tsx">
        <metrics statements="25" coveredstatements="18" conditionals="35" coveredconditionals="25" methods="8" coveredmethods="7"/>
        <line num="65" count="1" type="stmt"/>
        <line num="84" count="12" type="cond" truecount="1" falsecount="1"/>
        <line num="85" count="0" type="stmt"/>
        <line num="92" count="12" type="stmt"/>
        <line num="95" count="12" type="stmt"/>
        <line num="96" count="12" type="cond" truecount="2" falsecount="0"/>
        <line num="97" count="10" type="stmt"/>
        <line num="103" count="2" type="cond" truecount="2" falsecount="0"/>
        <line num="104" count="1" type="stmt"/>
        <line num="110" count="1" type="stmt"/>
        <line num="117" count="12" type="stmt"/>
        <line num="119" count="12" type="stmt"/>
        <line num="155" count="34" type="stmt"/>
        <line num="176" count="1" type="stmt"/>
        <line num="184" count="1" type="stmt"/>
        <line num="187" count="0" type="stmt"/>
        <line num="188" count="0" type="cond" truecount="0" falsecount="2"/>
        <line num="189" count="0" type="stmt"/>
        <line num="191" count="0" type="cond" truecount="0" falsecount="2"/>
        <line num="192" count="0" type="stmt"/>
        <line num="194" count="0" type="stmt"/>
        <line num="199" count="1" type="stmt"/>
        <line num="207" count="1" type="stmt"/>
        <line num="229" count="1" type="stmt"/>
        <line num="319" count="12" type="stmt"/>
      </file>
      <file name="index.ts" path="/Users/huangsong21/Downloads/Coding/AI/FachuanHybridSystem/frontend/src/features/automation/document-recognition/components/index.ts">
        <metrics statements="0" coveredstatements="0" conditionals="0" coveredconditionals="0" methods="0" coveredmethods="0"/>
      </file>
    </package>
    <package name="features.automation.document-recognition.hooks">
      <metrics statements="65" coveredstatements="53" conditionals="46" coveredconditionals="36" methods="24" coveredmethods="21"/>
      <file name="index.ts" path="/Users/huangsong21/Downloads/Coding/AI/FachuanHybridSystem/frontend/src/features/automation/document-recognition/hooks/index.ts">
        <metrics statements="0" coveredstatements="0" conditionals="0" coveredconditionals="0" methods="0" coveredmethods="0"/>
      </file>
      <file name="use-case-search.ts" path="/Users/huangsong21/Downloads/Coding/AI/FachuanHybridSystem/frontend/src/features/automation/document-recognition/hooks/use-case-search.ts">
        <metrics statements="12" coveredstatements="12" conditionals="14" coveredconditionals="13" methods="3" coveredmethods="3"/>
        <line num="22" count="2" type="stmt"/>
        <line num="25" count="2" type="stmt"/>
        <line num="63" count="2" type="stmt"/>
        <line num="64" count="5" type="stmt"/>
        <line num="124" count="4" type="cond" truecount="2" falsecount="0"/>
        <line num="127" count="4" type="stmt"/>
        <line num="130" count="4" type="stmt"/>
        <line num="136" count="4" type="stmt"/>
        <line num="138" count="1" type="stmt"/>
        <line num="153" count="4" type="cond" truecount="1" falsecount="1"/>
        <line num="154" count="4" type="cond" truecount="4" falsecount="0"/>
        <line num="156" count="4" type="stmt"/>
      </file>
      <file name="use-recognition-mutations.ts" path="/Users/huangsong21/Downloads/Coding/AI/FachuanHybridSystem/frontend/src/features/automation/document-recognition/hooks/use-recognition-mutations.ts">
        <metrics statements="20" coveredstatements="17" conditionals="0" coveredconditionals="0" methods="12" coveredmethods="9"/>
        <line num="126" count="3" type="stmt"/>
        <line num="128" count="3" type="stmt"/>
        <line num="129" count="1" type="stmt"/>
        <line num="132" count="1" type="stmt"/>
        <line num="136" count="1" type="stmt"/>
        <line num="140" count="0" type="stmt"/>
        <line num="204" count="3" type="stmt"/>
        <line num="206" count="3" type="stmt"/>
        <line num="208" count="1" type="stmt"/>
        <line num="211" count="1" type="stmt"/>
        <line num="213" count="1" type="stmt"/>
        <line num="217" count="1" type="stmt"/>
        <line num="221" count="0" type="stmt"/>
        <line num="290" count="2" type="stmt"/>
        <line num="292" count="2" type="stmt"/>
        <line num="294" count="1" type="stmt"/>
        <line num="297" count="1" type="stmt"/>
        <line num="299" count="1" type="stmt"/>
        <line num="303" count="1" type="stmt"/>
        <line num="307" count="0" type="stmt"/>
      </file>
      <file name="use-recognition-task.ts" path="/Users/huangsong21/Downloads/Coding/AI/FachuanHybridSystem/frontend/src/features/automation/document-recognition/hooks/use-recognition-task.ts">
        <metrics statements="27" coveredstatements="18" conditionals="26" coveredconditionals="17" methods="5" coveredmethods="5"/>
        <line num="49" count="2" type="stmt"/>
        <line num="50" count="12" type="cond" truecount="2" falsecount="0"/>
        <line num="58" count="2" type="stmt"/>
        <line num="59" count="9" type="cond" truecount="2" falsecount="0"/>
        <line num="105" count="2" type="cond" truecount="2" falsecount="0"/>
        <line num="108" count="2" type="stmt"/>
        <line num="110" count="2" type="stmt"/>
        <line num="113" count="2" type="stmt"/>
        <line num="116" count="2" type="cond" truecount="2" falsecount="2"/>
        <line num="117" count="0" type="stmt"/>
        <line num="121" count="2" type="cond" truecount="1" falsecount="1"/>
        <line num="122" count="2" type="stmt"/>
        <line num="125" count="2" type="stmt"/>
        <line num="141" count="10" type="cond" truecount="1" falsecount="1"/>
        <line num="142" count="0" type="stmt"/>
        <line num="145" count="10" type="stmt"/>
        <line num="148" count="10" type="cond" truecount="2" falsecount="0"/>
        <line num="149" count="8" type="stmt"/>
        <line num="153" count="2" type="cond" truecount="1" falsecount="1"/>
        <line num="154" count="2" type="stmt"/>
        <line num="158" count="0" type="cond" truecount="0" falsecount="2"/>
        <line num="159" count="0" type="stmt"/>
        <line num="160" count="0" type="cond" truecount="0" falsecount="2"/>
        <line num="162" count="0" type="stmt"/>
        <line num="163" count="0" type="stmt"/>
        <line num="164" count="0" type="stmt"/>
        <line num="169" count="0" type="stmt"/>
      </file>
      <file name="use-recognition-tasks.ts" path="/Users/huangsong21/Downloads/Coding/AI/FachuanHybridSystem/frontend/src/features/automation/document-recognition/hooks/use-recognition-tasks.ts">
        <metrics statements="6" coveredstatements="6" conditionals="6" coveredconditionals="6" methods="4" coveredmethods="4"/>
        <line num="25" count="4" type="stmt"/>
        <line num="26" count="6" type="stmt"/>
        <line num="41" count="4" type="stmt"/>
        <line num="42" count="5" type="stmt"/>
        <line num="76" count="4" type="stmt"/>
        <line num="78" count="2" type="stmt"/>
      </file>
    </package>
    <package name="features.automation.preservation-quotes">
      <metrics statements="15" coveredstatements="14" conditionals="6" coveredconditionals="3" methods="5" coveredmethods="5"/>
      <file name="api.ts" path="/Users/huangsong21/Downloads/Coding/AI/FachuanHybridSystem/frontend/src/features/automation/preservation-quotes/api.ts">
        <metrics statements="14" coveredstatements="13" conditionals="6" coveredconditionals="3" methods="5" coveredmethods="5"/>
        <line num="17" count="3" type="stmt"/>
        <line num="22" count="3" type="stmt"/>
        <line num="35" count="1" type="stmt"/>
        <line num="37" count="1" type="cond" truecount="1" falsecount="1"/>
        <line num="38" count="1" type="stmt"/>
        <line num="40" count="1" type="cond" truecount="1" falsecount="1"/>
        <line num="41" count="1" type="stmt"/>
        <line num="43" count="1" type="cond" truecount="1" falsecount="1"/>
        <line num="44" count="0" type="stmt"/>
        <line num="47" count="1" type="stmt"/>
        <line num="60" count="1" type="stmt"/>
        <line num="73" count="1" type="stmt"/>
        <line num="86" count="1" type="stmt"/>
        <line num="99" count="1" type="stmt"/>
      </file>
      <file name="index.ts" path="/Users/huangsong21/Downloads/Coding/AI/FachuanHybridSystem/frontend/src/features/automation/preservation-quotes/index.ts">
        <metrics statements="0" coveredstatements="0" conditionals="0" coveredconditionals="0" methods="0" coveredmethods="0"/>
      </file>
      <file name="schemas.ts" path="/Users/huangsong21/Downloads/Coding/AI/FachuanHybridSystem/frontend/src/features/automation/preservation-quotes/schemas.ts">
        <metrics statements="1" coveredstatements="1" conditionals="0" coveredconditionals="0" methods="0" coveredmethods="0"/>
        <line num="28" count="1" type="stmt"/>
      </file>
      <file name="types.ts" path="/Users/huangsong21/Downloads/Coding/AI/FachuanHybridSystem/frontend/src/features/automation/preservation-quotes/types.ts">
        <metrics statements="0" coveredstatements="0" conditionals="0" coveredconditionals="0" methods="0" coveredmethods="0"/>
      </file>
    </package>
    <package name="features.automation.preservation-quotes.components">
      <metrics statements="149" coveredstatements="113" conditionals="152" coveredconditionals="106" methods="57" coveredmethods="38"/>
      <file name="InsuranceQuoteTable.tsx" path="/Users/huangsong21/Downloads/Coding/AI/FachuanHybridSystem/frontend/src/features/automation/preservation-quotes/components/InsuranceQuoteTable.tsx">
        <metrics statements="38" coveredstatements="37" conditionals="59" coveredconditionals="49" methods="12" coveredmethods="11"/>
        <line num="49" count="1" type="stmt"/>
        <line num="60" count="1" type="stmt"/>
        <line num="83" count="24" type="cond" truecount="4" falsecount="0"/>
        <line num="84" count="16" type="stmt"/>
        <line num="85" count="16" type="cond" truecount="1" falsecount="1"/>
        <line num="86" count="16" type="stmt"/>
        <line num="100" count="48" type="cond" truecount="4" falsecount="0"/>
        <line num="101" count="32" type="stmt"/>
        <line num="102" count="32" type="cond" truecount="1" falsecount="1"/>
        <line num="104" count="32" type="stmt"/>
        <line num="117" count="24" type="stmt"/>
        <line num="118" count="24" type="stmt"/>
        <line num="120" count="24" type="cond" truecount="4" falsecount="0"/>
        <line num="121" count="16" type="cond" truecount="1" falsecount="1"/>
        <line num="122" count="16" type="cond" truecount="1" falsecount="1"/>
        <line num="123" count="16" type="cond" truecount="1" falsecount="1"/>
        <line num="124" count="16" type="stmt"/>
        <line num="143" count="24" type="stmt"/>
        <line num="144" count="24" type="stmt"/>
        <line num="145" count="24" type="stmt"/>
        <line num="146" count="24" type="cond" truecount="2" falsecount="0"/>
        <line num="148" count="24" type="stmt"/>
        <line num="166" count="0" type="stmt"/>
        <line num="196" count="2" type="stmt"/>
        <line num="219" count="12" type="stmt"/>
        <line num="289" count="6" type="stmt"/>
        <line num="290" count="6" type="cond" truecount="4" falsecount="0"/>
        <line num="292" count="4" type="stmt"/>
        <line num="294" count="12" type="cond" truecount="4" falsecount="0"/>
        <line num="295" count="4" type="cond" truecount="3" falsecount="1"/>
        <line num="298" count="4" type="cond" truecount="1" falsecount="1"/>
        <line num="299" count="12" type="cond" truecount="1" falsecount="1"/>
        <line num="300" count="12" type="stmt"/>
        <line num="305" count="6" type="cond" truecount="4" falsecount="0"/>
        <line num="306" count="2" type="stmt"/>
        <line num="325" count="4" type="stmt"/>
        <line num="329" count="12" type="stmt"/>
        <line num="359" count="12" type="stmt"/>
      </file>
      <file name="QuoteCreateDialog.tsx" path="/Users/huangsong21/Downloads/Coding/AI/FachuanHybridSystem/frontend/src/features/automation/preservation-quotes/components/QuoteCreateDialog.tsx">
        <metrics statements="26" coveredstatements="18" conditionals="15" coveredconditionals="10" methods="14" coveredmethods="9"/>
        <line num="94" count="1" type="stmt"/>
        <line num="103" count="1" type="stmt"/>
        <line num="112" count="1" type="stmt"/>
        <line num="158" count="3" type="stmt"/>
        <line num="170" count="3" type="stmt"/>
        <line num="177" count="3" type="stmt"/>
        <line num="179" count="3" type="cond" truecount="4" falsecount="0"/>
        <line num="180" count="1" type="stmt"/>
        <line num="190" count="3" type="stmt"/>
        <line num="192" count="0" type="stmt"/>
        <line num="195" count="0" type="stmt"/>
        <line num="197" count="0" type="stmt"/>
        <line num="199" count="0" type="stmt"/>
        <line num="211" count="3" type="stmt"/>
        <line num="212" count="0" type="stmt"/>
        <line num="217" count="3" type="stmt"/>
        <line num="237" count="2" type="stmt"/>
        <line num="249" count="0" type="stmt"/>
        <line num="250" count="0" type="cond" truecount="0" falsecount="2"/>
        <line num="265" count="2" type="stmt"/>
        <line num="280" count="6" type="stmt"/>
        <line num="298" count="2" type="stmt"/>
        <line num="313" count="6" type="stmt"/>
        <line num="331" count="2" type="stmt"/>
        <line num="337" count="0" type="stmt"/>
        <line num="346" count="6" type="stmt"/>
      </file>
      <file name="QuoteDetail.tsx" path="/Users/huangsong21/Downloads/Coding/AI/FachuanHybridSystem/frontend/src/features/automation/preservation-quotes/components/QuoteDetail.tsx">
        <metrics statements="34" coveredstatements="26" conditionals="26" coveredconditionals="13" methods="12" coveredmethods="9"/>
        <line num="57" count="2" type="cond" truecount="1" falsecount="1"/>
        <line num="58" count="2" type="cond" truecount="1" falsecount="1"/>
        <line num="59" count="0" type="stmt"/>
        <line num="76" count="1" type="stmt"/>
        <line num="92" count="6" type="stmt"/>
        <line num="109" count="5" type="stmt"/>
        <line num="128" count="2" type="stmt"/>
        <line num="156" count="2" type="cond" truecount="1" falsecount="1"/>
        <line num="158" count="0" type="stmt"/>
        <line num="177" count="12" type="stmt"/>
        <line num="207" count="2" type="stmt"/>
        <line num="210" count="2" type="cond" truecount="1" falsecount="1"/>
        <line num="211" count="0" type="stmt"/>
        <line num="229" count="2" type="cond" truecount="1" falsecount="1"/>
        <line num="230" count="0" type="stmt"/>
        <line num="247" count="2" type="stmt"/>
        <line num="271" count="5" type="stmt"/>
        <line num="279" count="5" type="stmt"/>
        <line num="283" count="5" type="stmt"/>
        <line num="285" count="5" type="stmt"/>
        <line num="292" count="5" type="stmt"/>
        <line num="293" count="0" type="stmt"/>
        <line num="300" count="5" type="stmt"/>
        <line num="301" count="0" type="stmt"/>
        <line num="308" count="5" type="stmt"/>
        <line num="309" count="0" type="stmt"/>
        <line num="315" count="5" type="cond" truecount="2" falsecount="0"/>
        <line num="316" count="1" type="stmt"/>
        <line num="320" count="4" type="cond" truecount="1" falsecount="1"/>
        <line num="321" count="0" type="stmt"/>
        <line num="325" count="4" type="cond" truecount="2" falsecount="0"/>
        <line num="326" count="2" type="stmt"/>
        <line num="335" count="2" type="cond" truecount="1" falsecount="1"/>
        <line num="337" count="5" type="stmt"/>
      </file>
      <file name="QuoteList.tsx" path="/Users/huangsong21/Downloads/Coding/AI/FachuanHybridSystem/frontend/src/features/automation/preservation-quotes/components/QuoteList.tsx">
        <metrics statements="45" coveredstatements="26" conditionals="39" coveredconditionals="21" methods="18" coveredmethods="8"/>
        <line num="46" count="1" type="stmt"/>
        <line num="49" count="1" type="stmt"/>
        <line num="76" count="1" type="stmt"/>
        <line num="78" count="5" type="stmt"/>
        <line num="107" count="4" type="stmt"/>
        <line num="160" count="7" type="cond" truecount="2" falsecount="0"/>
        <line num="161" count="7" type="stmt"/>
        <line num="163" count="7" type="stmt"/>
        <line num="164" count="7" type="stmt"/>
        <line num="166" count="7" type="stmt"/>
        <line num="187" count="0" type="stmt"/>
        <line num="198" count="0" type="cond" truecount="0" falsecount="2"/>
        <line num="210" count="0" type="stmt"/>
        <line num="223" count="0" type="stmt"/>
        <line num="243" count="0" type="cond" truecount="0" falsecount="2"/>
        <line num="244" count="0" type="stmt"/>
        <line num="247" count="0" type="stmt"/>
        <line num="250" count="0" type="stmt"/>
        <line num="252" count="0" type="cond" truecount="0" falsecount="2"/>
        <line num="253" count="0" type="stmt"/>
        <line num="254" count="0" type="cond" truecount="0" falsecount="2"/>
        <line num="255" count="0" type="stmt"/>
        <line num="257" count="0" type="stmt"/>
        <line num="267" count="0" type="stmt"/>
        <line num="278" count="4" type="cond" truecount="1" falsecount="1"/>
        <line num="279" count="4" type="cond" truecount="1" falsecount="1"/>
        <line num="280" count="4" type="stmt"/>
        <line num="305" count="7" type="stmt"/>
        <line num="308" count="7" type="stmt"/>
        <line num="309" count="7" type="stmt"/>
        <line num="312" count="7" type="stmt"/>
        <line num="324" count="7" type="stmt"/>
        <line num="325" count="0" type="stmt"/>
        <line num="326" count="0" type="stmt"/>
        <line num="332" count="7" type="stmt"/>
        <line num="333" count="0" type="stmt"/>
        <line num="340" count="7" type="stmt"/>
        <line num="342" count="0" type="stmt"/>
        <line num="348" count="7" type="cond" truecount="2" falsecount="0"/>
        <line num="349" count="7" type="cond" truecount="2" falsecount="0"/>
        <line num="350" count="7" type="stmt"/>
        <line num="352" count="7" type="stmt"/>
        <line num="362" count="42" type="stmt"/>
        <line num="408" count="4" type="stmt"/>
        <line num="411" count="0" type="stmt"/>
      </file>
      <file name="QuoteStatusBadge.tsx" path="/Users/huangsong21/Downloads/Coding/AI/FachuanHybridSystem/frontend/src/features/automation/preservation-quotes/components/QuoteStatusBadge.tsx">
        <metrics statements="6" coveredstatements="6" conditionals="13" coveredconditionals="13" methods="1" coveredmethods="1"/>
        <line num="19" count="2" type="stmt"/>
        <line num="34" count="2" type="stmt"/>
        <line num="86" count="18" type="stmt"/>
        <line num="87" count="18" type="stmt"/>
        <line num="88" count="18" type="stmt"/>
        <line num="90" count="18" type="stmt"/>
      </file>
      <file name="index.ts" path="/Users/huangsong21/Downloads/Coding/AI/FachuanHybridSystem/frontend/src/features/automation/preservation-quotes/components/index.ts">
        <metrics statements="0" coveredstatements="0" conditionals="0" coveredconditionals="0" methods="0" coveredmethods="0"/>
      </file>
    </package>
    <package name="features.automation.preservation-quotes.hooks">
      <metrics statements="52" coveredstatements="40" conditionals="33" coveredconditionals="24" methods="21" coveredmethods="18"/>
      <file name="index.ts" path="/Users/huangsong21/Downloads/Coding/AI/FachuanHybridSystem/frontend/src/features/automation/preservation-quotes/hooks/index.ts">
        <metrics statements="0" coveredstatements="0" conditionals="0" coveredconditionals="0" methods="0" coveredmethods="0"/>
      </file>
      <file name="use-quote-mutations.ts" path="/Users/huangsong21/Downloads/Coding/AI/FachuanHybridSystem/frontend/src/features/automation/preservation-quotes/hooks/use-quote-mutations.ts">
        <metrics statements="20" coveredstatements="17" conditionals="0" coveredconditionals="0" methods="12" coveredmethods="9"/>
        <line num="78" count="2" type="stmt"/>
        <line num="80" count="2" type="stmt"/>
        <line num="81" count="1" type="stmt"/>
        <line num="84" count="1" type="stmt"/>
        <line num="88" count="1" type="stmt"/>
        <line num="92" count="0" type="stmt"/>
        <line num="126" count="2" type="stmt"/>
        <line num="128" count="2" type="stmt"/>
        <line num="129" count="1" type="stmt"/>
        <line num="132" count="1" type="stmt"/>
        <line num="134" count="1" type="stmt"/>
        <line num="138" count="1" type="stmt"/>
        <line num="142" count="0" type="stmt"/>
        <line num="176" count="2" type="stmt"/>
        <line num="178" count="2" type="stmt"/>
        <line num="179" count="1" type="stmt"/>
        <line num="182" count="1" type="stmt"/>
        <line num="184" count="1" type="stmt"/>
        <line num="188" count="1" type="stmt"/>
        <line num="192" count="0" type="stmt"/>
      </file>
      <file name="use-quote.ts" path="/Users/huangsong21/Downloads/Coding/AI/FachuanHybridSystem/frontend/src/features/automation/preservation-quotes/hooks/use-quote.ts">
        <metrics statements="27" coveredstatements="18" conditionals="27" coveredconditionals="18" methods="5" coveredmethods="5"/>
        <line num="49" count="2" type="stmt"/>
        <line num="50" count="12" type="cond" truecount="2" falsecount="0"/>
        <line num="58" count="2" type="stmt"/>
        <line num="59" count="10" type="cond" truecount="3" falsecount="0"/>
        <line num="105" count="2" type="cond" truecount="2" falsecount="0"/>
        <line num="108" count="2" type="stmt"/>
        <line num="110" count="2" type="stmt"/>
        <line num="113" count="2" type="stmt"/>
        <line num="116" count="2" type="cond" truecount="2" falsecount="2"/>
        <line num="117" count="0" type="stmt"/>
        <line num="121" count="2" type="cond" truecount="1" falsecount="1"/>
        <line num="122" count="2" type="stmt"/>
        <line num="125" count="2" type="stmt"/>
        <line num="141" count="10" type="cond" truecount="1" falsecount="1"/>
        <line num="142" count="0" type="stmt"/>
        <line num="145" count="10" type="stmt"/>
        <line num="148" count="10" type="cond" truecount="2" falsecount="0"/>
        <line num="149" count="8" type="stmt"/>
        <line num="153" count="2" type="cond" truecount="1" falsecount="1"/>
        <line num="154" count="2" type="stmt"/>
        <line num="158" count="0" type="cond" truecount="0" falsecount="2"/>
        <line num="159" count="0" type="stmt"/>
        <line num="160" count="0" type="cond" truecount="0" falsecount="2"/>
        <line num="162" count="0" type="stmt"/>
        <line num="163" count="0" type="stmt"/>
        <line num="164" count="0" type="stmt"/>
        <line num="169" count="0" type="stmt"/>
      </file>
      <file name="use-quotes.ts" path="/Users/huangsong21/Downloads/Coding/AI/FachuanHybridSystem/frontend/src/features/automation/preservation-quotes/hooks/use-quotes.ts">
        <metrics statements="5" coveredstatements="5" conditionals="6" coveredconditionals="6" methods="4" coveredmethods="4"/>
        <line num="25" count="3" type="stmt"/>
        <line num="26" count="3" type="stmt"/>
        <line num="41" count="5" type="stmt"/>
        <line num="75" count="2" type="stmt"/>
        <line num="77" count="2" type="stmt"/>
      </file>
    </package>
    <package name="features.cases">
      <metrics statements="11" coveredstatements="11" conditionals="0" coveredconditionals="0" methods="0" coveredmethods="0"/>
      <file name="index.ts" path="/Users/huangsong21/Downloads/Coding/AI/FachuanHybridSystem/frontend/src/features/cases/index.ts">
        <metrics statements="0" coveredstatements="0" conditionals="0" coveredconditionals="0" methods="0" coveredmethods="0"/>
      </file>
      <file name="types.ts" path="/Users/huangsong21/Downloads/Coding/AI/FachuanHybridSystem/frontend/src/features/cases/types.ts">
        <metrics statements="11" coveredstatements="11" conditionals="0" coveredconditionals="0" methods="0" coveredmethods="0"/>
        <line num="71" count="10" type="stmt"/>
        <line num="79" count="10" type="stmt"/>
        <line num="84" count="10" type="stmt"/>
        <line num="105" count="10" type="stmt"/>
        <line num="120" count="10" type="stmt"/>
        <line num="127" count="10" type="stmt"/>
        <line num="285" count="10" type="stmt"/>
        <line num="291" count="10" type="stmt"/>
        <line num="320" count="10" type="stmt"/>
        <line num="327" count="10" type="stmt"/>
        <line num="548" count="10" type="stmt"/>
      </file>
    </package>
    <package name="features.cases.api">
      <metrics statements="130" coveredstatements="129" conditionals="36" coveredconditionals="23" methods="75" coveredmethods="75"/>
      <file name="authorization.ts" path="/Users/huangsong21/Downloads/Coding/AI/FachuanHybridSystem/frontend/src/features/cases/api/authorization.ts">
        <metrics statements="19" coveredstatements="19" conditionals="8" coveredconditionals="4" methods="5" coveredmethods="5"/>
        <line num="3" count="3" type="stmt"/>
        <line num="6" count="4" type="stmt"/>
        <line num="7" count="4" type="stmt"/>
        <line num="8" count="4" type="stmt"/>
        <line num="9" count="4" type="stmt"/>
        <line num="10" count="4" type="stmt"/>
        <line num="11" count="4" type="stmt"/>
        <line num="12" count="4" type="stmt"/>
        <line num="13" count="4" type="stmt"/>
        <line num="14" count="4" type="stmt"/>
        <line num="17" count="3" type="stmt"/>
        <line num="19" count="1" type="stmt"/>
        <line num="20" count="1" type="cond" truecount="1" falsecount="1"/>
        <line num="24" count="1" type="stmt"/>
        <line num="25" count="1" type="cond" truecount="1" falsecount="1"/>
        <line num="29" count="1" type="stmt"/>
        <line num="30" count="1" type="cond" truecount="1" falsecount="1"/>
        <line num="34" count="1" type="stmt"/>
        <line num="35" count="1" type="cond" truecount="1" falsecount="1"/>
      </file>
      <file name="cases.ts" path="/Users/huangsong21/Downloads/Coding/AI/FachuanHybridSystem/frontend/src/features/cases/api/cases.ts">
        <metrics statements="20" coveredstatements="20" conditionals="11" coveredconditionals="9" methods="11" coveredmethods="11"/>
        <line num="10" count="3" type="stmt"/>
        <line num="21" count="3" type="stmt"/>
        <line num="23" count="3" type="stmt"/>
        <line num="24" count="3" type="cond" truecount="2" falsecount="0"/>
        <line num="25" count="3" type="cond" truecount="2" falsecount="0"/>
        <line num="26" count="3" type="stmt"/>
        <line num="30" count="1" type="stmt"/>
        <line num="33" count="1" type="stmt"/>
        <line num="36" count="1" type="stmt"/>
        <line num="39" count="1" type="stmt"/>
        <line num="42" count="1" type="stmt"/>
        <line num="45" count="1" type="stmt"/>
        <line num="49" count="1" type="stmt"/>
        <line num="50" count="1" type="cond" truecount="1" falsecount="1"/>
        <line num="51" count="1" type="stmt"/>
        <line num="55" count="1" type="stmt"/>
        <line num="56" count="1" type="cond" truecount="1" falsecount="1"/>
        <line num="57" count="1" type="stmt"/>
        <line num="61" count="1" type="stmt"/>
        <line num="64" count="1" type="stmt"/>
      </file>
      <file name="court-filing.ts" path="/Users/huangsong21/Downloads/Coding/AI/FachuanHybridSystem/frontend/src/features/cases/api/court-filing.ts">
        <metrics statements="5" coveredstatements="5" conditionals="0" coveredconditionals="0" methods="3" coveredmethods="3"/>
        <line num="3" count="3" type="stmt"/>
        <line num="43" count="3" type="stmt"/>
        <line num="45" count="1" type="stmt"/>
        <line num="48" count="1" type="stmt"/>
        <line num="51" count="1" type="stmt"/>
      </file>
      <file name="court-guarantee.ts" path="/Users/huangsong21/Downloads/Coding/AI/FachuanHybridSystem/frontend/src/features/cases/api/court-guarantee.ts">
        <metrics statements="10" coveredstatements="10" conditionals="0" coveredconditionals="0" methods="8" coveredmethods="8"/>
        <line num="3" count="3" type="stmt"/>
        <line num="72" count="3" type="stmt"/>
        <line num="74" count="1" type="stmt"/>
        <line num="77" count="1" type="stmt"/>
        <line num="80" count="1" type="stmt"/>
        <line num="83" count="1" type="stmt"/>
        <line num="86" count="1" type="stmt"/>
        <line num="89" count="1" type="stmt"/>
        <line num="92" count="1" type="stmt"/>
        <line num="95" count="1" type="stmt"/>
      </file>
      <file name="index.ts" path="/Users/huangsong21/Downloads/Coding/AI/FachuanHybridSystem/frontend/src/features/cases/api/index.ts">
        <metrics statements="1" coveredstatements="1" conditionals="0" coveredconditionals="0" methods="0" coveredmethods="0"/>
        <line num="10" count="2" type="stmt"/>
      </file>
      <file name="logs.ts" path="/Users/huangsong21/Downloads/Coding/AI/FachuanHybridSystem/frontend/src/features/cases/api/logs.ts">
        <metrics statements="14" coveredstatements="14" conditionals="0" coveredconditionals="0" methods="11" coveredmethods="11"/>
        <line num="7" count="3" type="stmt"/>
        <line num="9" count="3" type="stmt"/>
        <line num="11" count="1" type="stmt"/>
        <line num="14" count="1" type="stmt"/>
        <line num="17" count="1" type="stmt"/>
        <line num="20" count="1" type="stmt"/>
        <line num="23" count="1" type="stmt"/>
        <line num="27" count="1" type="stmt"/>
        <line num="28" count="1" type="stmt"/>
        <line num="29" count="1" type="stmt"/>
        <line num="33" count="1" type="stmt"/>
        <line num="36" count="1" type="stmt"/>
        <line num="39" count="1" type="stmt"/>
        <line num="42" count="1" type="stmt"/>
      </file>
      <file name="materials.ts" path="/Users/huangsong21/Downloads/Coding/AI/FachuanHybridSystem/frontend/src/features/cases/api/materials.ts">
        <metrics statements="32" coveredstatements="31" conditionals="11" coveredconditionals="7" methods="23" coveredmethods="23"/>
        <line num="11" count="3" type="stmt"/>
        <line num="13" count="3" type="stmt"/>
        <line num="15" count="1" type="stmt"/>
        <line num="18" count="1" type="stmt"/>
        <line num="21" count="1" type="stmt"/>
        <line num="22" count="1" type="stmt"/>
        <line num="23" count="1" type="stmt"/>
        <line num="27" count="1" type="stmt"/>
        <line num="30" count="1" type="stmt"/>
        <line num="33" count="1" type="stmt"/>
        <line num="36" count="1" type="stmt"/>
        <line num="39" count="1" type="stmt"/>
        <line num="44" count="1" type="stmt"/>
        <line num="47" count="1" type="stmt"/>
        <line num="50" count="1" type="stmt"/>
        <line num="53" count="1" type="stmt"/>
        <line num="56" count="1" type="stmt"/>
        <line num="59" count="1" type="stmt"/>
        <line num="62" count="1" type="stmt"/>
        <line num="63" count="1" type="stmt"/>
        <line num="65" count="0" type="stmt"/>
        <line num="73" count="1" type="stmt"/>
        <line num="76" count="1" type="stmt"/>
        <line num="84" count="1" type="stmt"/>
        <line num="85" count="1" type="cond" truecount="1" falsecount="1"/>
        <line num="86" count="1" type="cond" truecount="3" falsecount="1"/>
        <line num="87" count="1" type="cond" truecount="1" falsecount="1"/>
        <line num="88" count="1" type="stmt"/>
        <line num="92" count="1" type="stmt"/>
        <line num="95" count="1" type="cond" truecount="1" falsecount="1"/>
        <line num="98" count="1" type="stmt"/>
        <line num="101" count="1" type="stmt"/>
      </file>
      <file name="parties.ts" path="/Users/huangsong21/Downloads/Coding/AI/FachuanHybridSystem/frontend/src/features/cases/api/parties.ts">
        <metrics statements="12" coveredstatements="12" conditionals="0" coveredconditionals="0" methods="10" coveredmethods="10"/>
        <line num="4" count="3" type="stmt"/>
        <line num="6" count="3" type="stmt"/>
        <line num="8" count="1" type="stmt"/>
        <line num="11" count="1" type="stmt"/>
        <line num="14" count="1" type="stmt"/>
        <line num="17" count="1" type="stmt"/>
        <line num="21" count="1" type="stmt"/>
        <line num="24" count="1" type="stmt"/>
        <line num="27" count="1" type="stmt"/>
        <line num="31" count="1" type="stmt"/>
        <line num="34" count="1" type="stmt"/>
        <line num="37" count="1" type="stmt"/>
      </file>
      <file name="preservation.ts" path="/Users/huangsong21/Downloads/Coding/AI/FachuanHybridSystem/frontend/src/features/cases/api/preservation.ts">
        <metrics statements="17" coveredstatements="17" conditionals="6" coveredconditionals="3" methods="4" coveredmethods="4"/>
        <line num="3" count="3" type="stmt"/>
        <line num="6" count="3" type="stmt"/>
        <line num="7" count="3" type="stmt"/>
        <line num="8" count="3" type="stmt"/>
        <line num="9" count="3" type="stmt"/>
        <line num="10" count="3" type="stmt"/>
        <line num="11" count="3" type="stmt"/>
        <line num="12" count="3" type="stmt"/>
        <line num="13" count="3" type="stmt"/>
        <line num="14" count="3" type="stmt"/>
        <line num="17" count="3" type="stmt"/>
        <line num="19" count="1" type="stmt"/>
        <line num="20" count="1" type="cond" truecount="1" falsecount="1"/>
        <line num="24" count="1" type="stmt"/>
        <line num="25" count="1" type="cond" truecount="1" falsecount="1"/>
        <line num="29" count="1" type="stmt"/>
        <line num="30" count="1" type="cond" truecount="1" falsecount="1"/>
      </file>
    </package>
    <package name="features.cases.components">
      <metrics statements="896" coveredstatements="468" conditionals="1218" coveredconditionals="568" methods="402" coveredmethods="136"/>
      <file name="AuthoritySection.tsx" path="/Users/huangsong21/Downloads/Coding/AI/FachuanHybridSystem/frontend/src/features/cases/components/AuthoritySection.tsx">
        <metrics statements="4" coveredstatements="4" conditionals="6" coveredconditionals="6" methods="2" coveredmethods="2"/>
        <line num="12" count="7" type="cond" truecount="2" falsecount="0"/>
        <line num="13" count="1" type="stmt"/>
        <line num="16" count="6" type="stmt"/>
        <line num="18" count="8" type="stmt"/>
      </file>
      <file name="AuthorizationMaterialsSection.tsx" path="/Users/huangsong21/Downloads/Coding/AI/FachuanHybridSystem/frontend/src/features/cases/components/AuthorizationMaterialsSection.tsx">
        <metrics statements="37" coveredstatements="16" conditionals="38" coveredconditionals="24" methods="23" coveredmethods="6"/>
        <line num="23" count="6" type="stmt"/>
        <line num="24" count="6" type="stmt"/>
        <line num="25" count="6" type="stmt"/>
        <line num="27" count="6" type="stmt"/>
        <line num="29" count="6" type="stmt"/>
        <line num="30" count="1" type="stmt"/>
        <line num="31" count="1" type="stmt"/>
        <line num="32" count="1" type="stmt"/>
        <line num="33" count="1" type="stmt"/>
        <line num="35" count="0" type="stmt"/>
        <line num="37" count="1" type="stmt"/>
        <line num="41" count="6" type="stmt"/>
        <line num="42" count="0" type="cond" truecount="0" falsecount="2"/>
        <line num="43" count="0" type="stmt"/>
        <line num="44" count="0" type="stmt"/>
        <line num="45" count="0" type="stmt"/>
        <line num="46" count="0" type="stmt"/>
        <line num="47" count="0" type="stmt"/>
        <line num="50" count="0" type="stmt"/>
        <line num="53" count="6" type="stmt"/>
        <line num="54" count="0" type="stmt"/>
        <line num="55" count="0" type="stmt"/>
        <line num="56" count="0" type="cond" truecount="0" falsecount="2"/>
        <line num="57" count="0" type="stmt"/>
        <line num="58" count="0" type="stmt"/>
        <line num="62" count="6" type="stmt"/>
        <line num="63" count="0" type="stmt"/>
        <line num="64" count="0" type="cond" truecount="0" falsecount="2"/>
        <line num="68" count="6" type="stmt"/>
        <line num="77" count="1" type="stmt"/>
        <line num="88" count="0" type="stmt"/>
        <line num="98" count="0" type="stmt"/>
        <line num="109" count="0" type="stmt"/>
        <line num="117" count="0" type="cond" truecount="0" falsecount="2"/>
[...]
        <line num="32" count="1" type="stmt"/>
        <line num="35" count="1" type="stmt"/>
        <line num="39" count="1" type="stmt"/>
        <line num="41" count="1" type="cond" truecount="1" falsecount="1"/>
        <line num="44" count="1" type="cond" truecount="1" falsecount="1"/>
        <line num="46" count="1" type="stmt"/>
        <line num="55" count="1" type="stmt"/>
        <line num="59" count="1" type="stmt"/>
      </file>
      <file name="LawyerEditPage.tsx" path="/Users/huangsong21/Downloads/Coding/AI/FachuanHybridSystem/frontend/src/pages/dashboard/organization/lawyers/LawyerEditPage.tsx">
        <metrics statements="8" coveredstatements="8" conditionals="4" coveredconditionals="2" methods="2" coveredmethods="2"/>
        <line num="32" count="1" type="stmt"/>
        <line num="35" count="1" type="stmt"/>
        <line num="40" count="1" type="stmt"/>
        <line num="42" count="1" type="cond" truecount="1" falsecount="1"/>
        <line num="45" count="1" type="cond" truecount="1" falsecount="1"/>
        <line num="47" count="1" type="stmt"/>
        <line num="57" count="1" type="stmt"/>
        <line num="61" count="1" type="stmt"/>
      </file>
      <file name="LawyerNewPage.tsx" path="/Users/huangsong21/Downloads/Coding/AI/FachuanHybridSystem/frontend/src/pages/dashboard/organization/lawyers/LawyerNewPage.tsx">
        <metrics statements="4" coveredstatements="4" conditionals="0" coveredconditionals="0" methods="2" coveredmethods="2"/>
        <line num="29" count="1" type="stmt"/>
        <line num="30" count="1" type="stmt"/>
        <line num="40" count="1" type="stmt"/>
        <line num="43" count="1" type="stmt"/>
      </file>
    </package>
    <package name="pages.dashboard.reminders">
      <metrics statements="1" coveredstatements="1" conditionals="0" coveredconditionals="0" methods="1" coveredmethods="1"/>
      <file name="index.tsx" path="/Users/huangsong21/Downloads/Coding/AI/FachuanHybridSystem/frontend/src/pages/dashboard/reminders/index.tsx">
        <metrics statements="1" coveredstatements="1" conditionals="0" coveredconditionals="0" methods="1" coveredmethods="1"/>
        <line num="13" count="3" type="stmt"/>
      </file>
    </package>
    <package name="pages.dashboard.settings">
      <metrics statements="5" coveredstatements="5" conditionals="0" coveredconditionals="0" methods="5" coveredmethods="5"/>
      <file name="LawFirmSettingsPage.tsx" path="/Users/huangsong21/Downloads/Coding/AI/FachuanHybridSystem/frontend/src/pages/dashboard/settings/LawFirmSettingsPage.tsx">
        <metrics statements="1" coveredstatements="1" conditionals="0" coveredconditionals="0" methods="1" coveredmethods="1"/>
        <line num="4" count="1" type="stmt"/>
      </file>
      <file name="LawyerSettingsPage.tsx" path="/Users/huangsong21/Downloads/Coding/AI/FachuanHybridSystem/frontend/src/pages/dashboard/settings/LawyerSettingsPage.tsx">
        <metrics statements="1" coveredstatements="1" conditionals="0" coveredconditionals="0" methods="1" coveredmethods="1"/>
        <line num="4" count="1" type="stmt"/>
      </file>
      <file name="ServiceConfigPage.tsx" path="/Users/huangsong21/Downloads/Coding/AI/FachuanHybridSystem/frontend/src/pages/dashboard/settings/ServiceConfigPage.tsx">
        <metrics statements="1" coveredstatements="1" conditionals="0" coveredconditionals="0" methods="1" coveredmethods="1"/>
        <line num="4" count="1" type="stmt"/>
      </file>
      <file name="SettingsOverviewPage.tsx" path="/Users/huangsong21/Downloads/Coding/AI/FachuanHybridSystem/frontend/src/pages/dashboard/settings/SettingsOverviewPage.tsx">
        <metrics statements="1" coveredstatements="1" conditionals="0" coveredconditionals="0" methods="1" coveredmethods="1"/>
        <line num="4" count="1" type="stmt"/>
      </file>
      <file name="TeamSettingsPage.tsx" path="/Users/huangsong21/Downloads/Coding/AI/FachuanHybridSystem/frontend/src/pages/dashboard/settings/TeamSettingsPage.tsx">
        <metrics statements="1" coveredstatements="1" conditionals="0" coveredconditionals="0" methods="1" coveredmethods="1"/>
        <line num="4" count="1" type="stmt"/>
      </file>
    </package>
    <package name="pages.dashboard.task-queue">
      <metrics statements="1" coveredstatements="1" conditionals="0" coveredconditionals="0" methods="1" coveredmethods="1"/>
      <file name="TaskQueuePage.tsx" path="/Users/huangsong21/Downloads/Coding/AI/FachuanHybridSystem/frontend/src/pages/dashboard/task-queue/TaskQueuePage.tsx">
        <metrics statements="1" coveredstatements="1" conditionals="0" coveredconditionals="0" methods="1" coveredmethods="1"/>
        <line num="4" count="1" type="stmt"/>
      </file>
    </package>
    <package name="pages.dashboard.templates">
      <metrics statements="23" coveredstatements="23" conditionals="10" coveredconditionals="9" methods="10" coveredmethods="9"/>
      <file name="TemplateEditPage.tsx" path="/Users/huangsong21/Downloads/Coding/AI/FachuanHybridSystem/frontend/src/pages/dashboard/templates/TemplateEditPage.tsx">
        <metrics statements="15" coveredstatements="15" conditionals="8" coveredconditionals="8" methods="5" coveredmethods="4"/>
        <line num="12" count="8" type="stmt"/>
        <line num="13" count="8" type="stmt"/>
        <line num="14" count="8" type="stmt"/>
        <line num="15" count="8" type="stmt"/>
        <line num="16" count="8" type="stmt"/>
        <line num="18" count="8" type="stmt"/>
        <line num="20" count="8" type="cond" truecount="2" falsecount="0"/>
        <line num="21" count="1" type="stmt"/>
        <line num="29" count="7" type="cond" truecount="4" falsecount="0"/>
        <line num="30" count="2" type="stmt"/>
        <line num="42" count="5" type="stmt"/>
        <line num="53" count="4" type="stmt"/>
        <line num="57" count="1" type="stmt"/>
        <line num="58" count="1" type="stmt"/>
        <line num="61" count="2" type="cond" truecount="2" falsecount="0"/>
      </file>
      <file name="TemplateListPage.tsx" path="/Users/huangsong21/Downloads/Coding/AI/FachuanHybridSystem/frontend/src/pages/dashboard/templates/TemplateListPage.tsx">
        <metrics statements="1" coveredstatements="1" conditionals="0" coveredconditionals="0" methods="1" coveredmethods="1"/>
        <line num="4" count="1" type="stmt"/>
      </file>
      <file name="TemplateNewPage.tsx" path="/Users/huangsong21/Downloads/Coding/AI/FachuanHybridSystem/frontend/src/pages/dashboard/templates/TemplateNewPage.tsx">
        <metrics statements="7" coveredstatements="7" conditionals="2" coveredconditionals="1" methods="4" coveredmethods="4"/>
        <line num="8" count="6" type="stmt"/>
        <line num="9" count="6" type="stmt"/>
        <line num="11" count="6" type="stmt"/>
        <line num="21" count="3" type="stmt"/>
        <line num="23" count="1" type="stmt"/>
        <line num="24" count="1" type="stmt"/>
        <line num="27" count="1" type="cond" truecount="1" falsecount="1"/>
      </file>
    </package>
    <package name="pages.dashboard.tools">
      <metrics statements="8" coveredstatements="8" conditionals="0" coveredconditionals="0" methods="7" coveredmethods="7"/>
      <file name="ContentOpsInspirationPage.tsx" path="/Users/huangsong21/Downloads/Coding/AI/FachuanHybridSystem/frontend/src/pages/dashboard/tools/ContentOpsInspirationPage.tsx">
        <metrics statements="1" coveredstatements="1" conditionals="0" coveredconditionals="0" methods="1" coveredmethods="1"/>
        <line num="4" count="1" type="stmt"/>
      </file>
      <file name="ContentOpsPage.tsx" path="/Users/huangsong21/Downloads/Coding/AI/FachuanHybridSystem/frontend/src/pages/dashboard/tools/ContentOpsPage.tsx">
        <metrics statements="1" coveredstatements="1" conditionals="0" coveredconditionals="0" methods="1" coveredmethods="1"/>
        <line num="4" count="1" type="stmt"/>
      </file>
      <file name="CourierTrackingPage.tsx" path="/Users/huangsong21/Downloads/Coding/AI/FachuanHybridSystem/frontend/src/pages/dashboard/tools/CourierTrackingPage.tsx">
        <metrics statements="1" coveredstatements="1" conditionals="0" coveredconditionals="0" methods="1" coveredmethods="1"/>
        <line num="4" count="1" type="stmt"/>
      </file>
      <file name="CourtSmsDetailPage.tsx" path="/Users/huangsong21/Downloads/Coding/AI/FachuanHybridSystem/frontend/src/pages/dashboard/tools/CourtSmsDetailPage.tsx">
        <metrics statements="2" coveredstatements="2" conditionals="0" coveredconditionals="0" methods="1" coveredmethods="1"/>
        <line num="5" count="1" type="stmt"/>
        <line num="6" count="1" type="stmt"/>
      </file>
      <file name="CourtSmsPage.tsx" path="/Users/huangsong21/Downloads/Coding/AI/FachuanHybridSystem/frontend/src/pages/dashboard/tools/CourtSmsPage.tsx">
        <metrics statements="1" coveredstatements="1" conditionals="0" coveredconditionals="0" methods="1" coveredmethods="1"/>
        <line num="4" count="1" type="stmt"/>
      </file>
      <file name="ElementConvertPage.tsx" path="/Users/huangsong21/Downloads/Coding/AI/FachuanHybridSystem/frontend/src/pages/dashboard/tools/ElementConvertPage.tsx">
        <metrics statements="1" coveredstatements="1" conditionals="0" coveredconditionals="0" methods="1" coveredmethods="1"/>
        <line num="4" count="1" type="stmt"/>
      </file>
      <file name="LprCalculatorPage.tsx" path="/Users/huangsong21/Downloads/Coding/AI/FachuanHybridSystem/frontend/src/pages/dashboard/tools/LprCalculatorPage.tsx">
        <metrics statements="1" coveredstatements="1" conditionals="0" coveredconditionals="0" methods="1" coveredmethods="1"/>
        <line num="4" count="1" type="stmt"/>
      </file>
    </package>
    <package name="pages.dashboard.workbench">
      <metrics statements="0" coveredstatements="0" conditionals="0" coveredconditionals="0" methods="0" coveredmethods="0"/>
      <file name="WorkbenchPage.tsx" path="/Users/huangsong21/Downloads/Coding/AI/FachuanHybridSystem/frontend/src/pages/dashboard/workbench/WorkbenchPage.tsx">
        <metrics statements="0" coveredstatements="0" conditionals="0" coveredconditionals="0" methods="0" coveredmethods="0"/>
      </file>
    </package>
    <package name="providers">
      <metrics statements="2" coveredstatements="2" conditionals="0" coveredconditionals="0" methods="1" coveredmethods="1"/>
      <file name="ThemeProvider.tsx" path="/Users/huangsong21/Downloads/Coding/AI/FachuanHybridSystem/frontend/src/providers/ThemeProvider.tsx">
        <metrics statements="2" coveredstatements="2" conditionals="0" coveredconditionals="0" methods="1" coveredmethods="1"/>
        <line num="1" count="1" type="stmt"/>
        <line num="23" count="5" type="stmt"/>
      </file>
      <file name="index.ts" path="/Users/huangsong21/Downloads/Coding/AI/FachuanHybridSystem/frontend/src/providers/index.ts">
        <metrics statements="0" coveredstatements="0" conditionals="0" coveredconditionals="0" methods="0" coveredmethods="0"/>
      </file>
    </package>
    <package name="routes">
      <metrics statements="102" coveredstatements="98" conditionals="14" coveredconditionals="14" methods="81" coveredmethods="24"/>
      <file name="guards.tsx" path="/Users/huangsong21/Downloads/Coding/AI/FachuanHybridSystem/frontend/src/routes/guards.tsx">
        <metrics statements="21" coveredstatements="21" conditionals="10" coveredconditionals="10" methods="5" coveredmethods="5"/>
        <line num="22" count="2" type="stmt"/>
        <line num="49" count="4" type="stmt"/>
        <line num="50" count="4" type="stmt"/>
        <line num="53" count="4" type="stmt"/>
        <line num="54" count="4" type="stmt"/>
        <line num="58" count="4" type="cond" truecount="2" falsecount="0"/>
        <line num="59" count="1" type="stmt"/>
        <line num="62" count="3" type="cond" truecount="2" falsecount="0"/>
        <line num="63" count="1" type="stmt"/>
        <line num="64" count="1" type="stmt"/>
        <line num="67" count="2" type="stmt"/>
        <line num="82" count="5" type="stmt"/>
        <line num="83" count="5" type="stmt"/>
        <line num="86" count="5" type="stmt"/>
        <line num="87" count="5" type="stmt"/>
        <line num="91" count="5" type="cond" truecount="2" falsecount="0"/>
        <line num="92" count="1" type="stmt"/>
        <line num="96" count="4" type="cond" truecount="2" falsecount="0"/>
        <line num="97" count="2" type="stmt"/>
        <line num="98" count="2" type="cond" truecount="2" falsecount="0"/>
        <line num="101" count="2" type="stmt"/>
      </file>
      <file name="index.tsx" path="/Users/huangsong21/Downloads/Coding/AI/FachuanHybridSystem/frontend/src/routes/index.tsx">
        <metrics statements="57" coveredstatements="53" conditionals="0" coveredconditionals="0" methods="57" coveredmethods="0"/>
        <line num="12" count="1" type="stmt"/>
        <line num="13" count="0" type="stmt"/>
        <line num="16" count="1" type="stmt"/>
        <line num="17" count="0" type="stmt"/>
        <line num="20" count="1" type="stmt"/>
        <line num="21" count="0" type="stmt"/>
        <line num="24" count="1" type="stmt"/>
        <line num="25" count="0" type="stmt"/>
        <line num="30" count="1" type="stmt"/>
        <line num="33" count="1" type="stmt"/>
        <line num="34" count="1" type="stmt"/>
        <line num="35" count="1" type="stmt"/>
        <line num="36" count="1" type="stmt"/>
        <line num="39" count="1" type="stmt"/>
        <line num="40" count="1" type="stmt"/>
        <line num="41" count="1" type="stmt"/>
        <line num="42" count="1" type="stmt"/>
        <line num="45" count="1" type="stmt"/>
        <line num="46" count="1" type="stmt"/>
        <line num="47" count="1" type="stmt"/>
        <line num="48" count="1" type="stmt"/>
        <line num="51" count="1" type="stmt"/>
        <line num="52" count="1" type="stmt"/>
        <line num="55" count="1" type="stmt"/>
        <line num="58" count="1" type="stmt"/>
        <line num="59" count="1" type="stmt"/>
        <line num="60" count="1" type="stmt"/>
        <line num="61" count="1" type="stmt"/>
        <line num="62" count="1" type="stmt"/>
        <line num="63" count="1" type="stmt"/>
        <line num="64" count="1" type="stmt"/>
        <line num="68" count="1" type="stmt"/>
        <line num="69" count="1" type="stmt"/>
        <line num="70" count="1" type="stmt"/>
        <line num="71" count="1" type="stmt"/>
        <line num="72" count="1" type="stmt"/>
        <line num="75" count="1" type="stmt"/>
        <line num="76" count="1" type="stmt"/>
        <line num="77" count="1" type="stmt"/>
        <line num="78" count="1" type="stmt"/>
        <line num="79" count="1" type="stmt"/>
        <line num="80" count="1" type="stmt"/>
        <line num="81" count="1" type="stmt"/>
        <line num="82" count="1" type="stmt"/>
        <line num="83" count="1" type="stmt"/>
        <line num="84" count="1" type="stmt"/>
        <line num="85" count="1" type="stmt"/>
        <line num="88" count="1" type="stmt"/>
        <line num="91" count="1" type="stmt"/>
        <line num="94" count="1" type="stmt"/>
        <line num="95" count="1" type="stmt"/>
        <line num="96" count="1" type="stmt"/>
        <line num="97" count="1" type="stmt"/>
        <line num="98" count="1" type="stmt"/>
        <line num="99" count="1" type="stmt"/>
        <line num="100" count="1" type="stmt"/>
        <line num="105" count="1" type="stmt"/>
      </file>
      <file name="paths.ts" path="/Users/huangsong21/Downloads/Coding/AI/FachuanHybridSystem/frontend/src/routes/paths.ts">
        <metrics statements="18" coveredstatements="18" conditionals="0" coveredconditionals="0" methods="16" coveredmethods="16"/>
        <line num="5" count="22" type="stmt"/>
        <line num="95" count="22" type="stmt"/>
        <line num="96" count="2" type="stmt"/>
        <line num="97" count="201" type="stmt"/>
        <line num="98" count="201" type="stmt"/>
        <line num="99" count="1" type="stmt"/>
        <line num="100" count="1" type="stmt"/>
        <line num="101" count="2" type="stmt"/>
        <line num="102" count="1" type="stmt"/>
        <line num="104" count="2" type="stmt"/>
        <line num="105" count="1" type="stmt"/>
        <line num="107" count="2" type="stmt"/>
        <line num="108" count="1" type="stmt"/>
        <line num="110" count="1" type="stmt"/>
        <line num="111" count="1" type="stmt"/>
        <line num="113" count="1" type="stmt"/>
        <line num="115" count="1" type="stmt"/>
        <line num="117" count="1" type="stmt"/>
      </file>
      <file name="route-error.tsx" path="/Users/huangsong21/Downloads/Coding/AI/FachuanHybridSystem/frontend/src/routes/route-error.tsx">
        <metrics statements="6" coveredstatements="6" conditionals="4" coveredconditionals="4" methods="3" coveredmethods="3"/>
        <line num="6" count="8" type="stmt"/>
        <line num="7" count="8" type="stmt"/>
        <line num="9" count="8" type="cond" truecount="2" falsecount="0"/>
        <line num="15" count="8" type="stmt"/>
        <line num="25" count="1" type="stmt"/>
        <line num="29" count="1" type="stmt"/>
      </file>
    </package>
    <package name="stores">
      <metrics statements="37" coveredstatements="37" conditionals="10" coveredconditionals="10" methods="21" coveredmethods="21"/>
      <file name="auth.ts" path="/Users/huangsong21/Downloads/Coding/AI/FachuanHybridSystem/frontend/src/stores/auth.ts">
        <metrics statements="27" coveredstatements="27" conditionals="8" coveredconditionals="8" methods="11" coveredmethods="11"/>
        <line num="50" count="17" type="stmt"/>
        <line num="51" count="17" type="stmt"/>
        <line num="53" count="17" type="stmt"/>
        <line num="60" count="3" type="stmt"/>
        <line num="67" count="1" type="stmt"/>
        <line num="75" count="1" type="stmt"/>
        <line num="76" count="1" type="stmt"/>
        <line num="77" count="1" type="stmt"/>
        <line num="86" count="5" type="cond" truecount="2" falsecount="0"/>
        <line num="87" count="1" type="stmt"/>
        <line num="91" count="4" type="cond" truecount="2" falsecount="0"/>
        <line num="92" count="1" type="stmt"/>
        <line num="93" count="1" type="stmt"/>
        <line num="96" count="3" type="stmt"/>
        <line num="98" count="3" type="stmt"/>
        <line num="100" count="2" type="stmt"/>
        <line num="103" count="1" type="stmt"/>
        <line num="104" count="1" type="stmt"/>
        <line num="107" count="3" type="stmt"/>
        <line num="123" count="17" type="stmt"/>
        <line num="124" count="3" type="cond" truecount="2" falsecount="0"/>
        <line num="137" count="17" type="stmt"/>
        <line num="138" count="2" type="stmt"/>
        <line num="149" count="17" type="stmt"/>
        <line num="150" count="1" type="stmt"/>
        <line num="161" count="17" type="stmt"/>
        <line num="162" count="2" type="stmt"/>
      </file>
      <file name="ui.ts" path="/Users/huangsong21/Downloads/Coding/AI/FachuanHybridSystem/frontend/src/stores/ui.ts">
        <metrics statements="10" coveredstatements="10" conditionals="2" coveredconditionals="2" methods="10" coveredmethods="10"/>
        <line num="19" count="2" type="stmt"/>
        <line num="21" count="2" type="stmt"/>
        <line num="26" count="2" type="stmt"/>
        <line num="29" count="2" type="stmt"/>
        <line num="32" count="2" type="stmt"/>
        <line num="34" count="1" type="stmt"/>
        <line num="39" count="1" type="stmt"/>
        <line num="43" count="13" type="stmt"/>
        <line num="51" count="2" type="stmt"/>
        <line num="52" count="2" type="stmt"/>
      </file>
    </package>
  </project>
</coverage>
